Log file open, 11/01/19 16:04:07
LogWindows: Failed to load 'aqProf.dll' (GetLastError=126)
LogWindows: File 'aqProf.dll' does not exist
LogWindows: Failed to load 'VtuneApi.dll' (GetLastError=126)
LogWindows: File 'VtuneApi.dll' does not exist
LogWindows: Failed to load 'VtuneApi32e.dll' (GetLastError=126)
LogWindows: File 'VtuneApi32e.dll' does not exist
LogConsoleResponse: Display: Failed to find resolution value strings in scalability ini. Falling back to default.
LogInit: Display: Running engine for game: GeckoAdventures
LogPakFile: Registered encryption key '00000000000000000000000000000000': 0 pak files mounted, 0 remain pending
LogPlatformFile: Not using cached read wrapper
LogTaskGraph: Started task graph with 5 named threads and 14 total threads with 3 sets of task threads.
LogStats: Stats thread started at 0.765011
LogD3D11RHI: Loaded GFSDK_Aftermath_Lib.x64.dll
LogICUInternationalization: ICU TimeZone Detection - Raw Offset: +1:00, Platform Override: ''
LogPluginManager: Mounting plugin Paper2D
LogPluginManager: Mounting plugin AISupport
LogPluginManager: Mounting plugin LightPropagationVolume
LogPluginManager: Mounting plugin ActorLayerUtilities
LogPluginManager: Mounting plugin AnimationSharing
LogPluginManager: Mounting plugin CLionSourceCodeAccess
LogPluginManager: Mounting plugin CodeLiteSourceCodeAccess
LogPluginManager: Mounting plugin GitSourceControl
LogPluginManager: Mounting plugin KDevelopSourceCodeAccess
LogPluginManager: Mounting plugin NullSourceCodeAccess
LogPluginManager: Mounting plugin PerforceSourceControl
LogPluginManager: Mounting plugin SubversionSourceControl
LogPluginManager: Mounting plugin UObjectPlugin
LogPluginManager: Mounting plugin VisualStudioCodeSourceCodeAccess
LogPluginManager: Mounting plugin VisualStudioSourceCodeAccess
LogPluginManager: Mounting plugin XCodeSourceCodeAccess
LogPluginManager: Mounting plugin AssetManagerEditor
LogPluginManager: Mounting plugin CryptoKeys
LogPluginManager: Mounting plugin DataValidation
LogPluginManager: Mounting plugin FacialAnimation
LogPluginManager: Mounting plugin GameplayTagsEditor
LogPluginManager: Mounting plugin MacGraphicsSwitching
LogPluginManager: Mounting plugin MaterialAnalyzer
LogPluginManager: Mounting plugin MobileLauncherProfileWizard
LogPluginManager: Mounting plugin PluginBrowser
LogPluginManager: Mounting plugin SpeedTreeImporter
LogPluginManager: Mounting plugin DatasmithContent
LogPluginManager: Mounting plugin VariantManagerContent
LogPluginManager: Mounting plugin AlembicImporter
LogPluginManager: Mounting plugin AppleImageUtils
LogPluginManager: Mounting plugin AppleVision
LogPluginManager: Mounting plugin BackChannel
LogPluginManager: Mounting plugin CharacterAI
LogPluginManager: Mounting plugin GeometryCache
LogPluginManager: Mounting plugin HTML5Networking
LogPluginManager: Mounting plugin ProxyLODPlugin
LogPluginManager: Mounting plugin SkeletalReduction
LogPluginManager: Mounting plugin MagicLeap
LogPluginManager: Mounting plugin MagicLeapMedia
LogPluginManager: Mounting plugin AndroidMedia
LogPluginManager: Mounting plugin AvfMedia
LogPluginManager: Mounting plugin ImgMedia
LogPluginManager: Mounting plugin LinearTimecode
LogPluginManager: Mounting plugin MediaCompositing
LogPluginManager: Mounting plugin MediaPlayerEditor
LogPluginManager: Mounting plugin WebMMedia
LogPluginManager: Mounting plugin WmfMedia
LogPluginManager: Mounting plugin TcpMessaging
LogPluginManager: Mounting plugin UdpMessaging
LogPluginManager: Mounting plugin ActorSequence
LogPluginManager: Mounting plugin LevelSequenceEditor
LogPluginManager: Mounting plugin MatineeToLevelSequence
LogPluginManager: Mounting plugin NetcodeUnitTest
LogPluginManager: Mounting plugin NUTUnrealEngine4
LogPluginManager: Mounting plugin OnlineSubsystemGooglePlay
LogPluginManager: Mounting plugin OnlineSubsystemIOS
LogPluginManager: Mounting plugin OnlineSubsystem
LogPluginManager: Mounting plugin OnlineSubsystemNull
LogPluginManager: Mounting plugin OnlineSubsystemUtils
LogPluginManager: Mounting plugin LauncherChunkInstaller
LogPluginManager: Mounting plugin AndroidDeviceProfileSelector
LogPluginManager: Mounting plugin AndroidMoviePlayer
LogPluginManager: Mounting plugin AndroidPermission
LogPluginManager: Mounting plugin AppleMoviePlayer
LogPluginManager: Mounting plugin ArchVisCharacter
LogPluginManager: Mounting plugin AudioCapture
LogPluginManager: Mounting plugin CableComponent
LogPluginManager: Mounting plugin CustomMeshComponent
LogPluginManager: Mounting plugin EditableMesh
LogPluginManager: Mounting plugin ExampleDeviceProfileSelector
LogPluginManager: Mounting plugin Firebase
LogPluginManager: Mounting plugin GoogleCloudMessaging
LogPluginManager: Mounting plugin IOSDeviceProfileSelector
LogPluginManager: Mounting plugin LinuxDeviceProfileSelector
LogPluginManager: Mounting plugin LocationServicesBPLibrary
LogPluginManager: Mounting plugin MobilePatchingUtils
LogPluginManager: Mounting plugin OculusVR
LogPluginManager: Mounting plugin PhysXVehicles
LogPluginManager: Mounting plugin ProceduralMeshComponent
LogPluginManager: Mounting plugin RuntimePhysXCooking
LogPluginManager: Mounting plugin SignificanceManager
LogPluginManager: Mounting plugin SteamVR
LogPluginManager: Mounting plugin WebMMoviePlayer
LogPluginManager: Mounting plugin WindowsMoviePlayer
LogInit: Using libcurl 7.55.1-DEV
LogInit:  - built for x86_64-pc-win32
LogInit:  - supports SSL with OpenSSL/1.1.1
LogInit:  - supports HTTP deflate (compression) using libz 1.2.8
LogInit:  - other features:
LogInit:      CURL_VERSION_SSL
LogInit:      CURL_VERSION_LIBZ
LogInit:      CURL_VERSION_IPV6
LogInit:      CURL_VERSION_ASYNCHDNS
LogInit:      CURL_VERSION_LARGEFILE
LogInit:      CURL_VERSION_IDN
LogInit:  CurlRequestOptions (configurable via config and command line):
LogInit:  - bVerifyPeer = true  - Libcurl will verify peer certificate
LogInit:  - bUseHttpProxy = false  - Libcurl will NOT use HTTP proxy
LogInit:  - bDontReuseConnections = false  - Libcurl will reuse connections
LogInit:  - MaxHostConnections = 16  - Libcurl will limit the number of connections to a host
LogInit:  - LocalHostAddr = Default
LogInit:  - BufferSize = 65536
LogInit: WinSock: version 1.1 (2.2), MaxSocks=32767, MaxUdp=65467
LogInit: Build: ++UE4+Release-4.22-CL-7053642
LogInit: Engine Version: 4.22.3-7053642+++UE4+Release-4.22
LogInit: Compatible Engine Version: 4.22.0-5660361+++UE4+Release-4.22
LogInit: Net CL: 5660361
LogInit: OS: Windows 10 (Release 1903) (), CPU: Intel(R) Core(TM) i5-6300HQ CPU @ 2.30GHz, GPU: Intel(R) HD Graphics 530
LogInit: Compiled (64-bit): Jun 18 2019 03:09:11
LogInit: Compiled with Visual C++: 19.16.27025.01
LogInit: Build Configuration: Development
LogInit: Branch Name: ++UE4+Release-4.22
LogInit: Command Line: 
LogInit: Base Directory: C:/Program Files/Epic Games/UE_4.22/Engine/Binaries/Win64/
LogInit: Installed Engine Build: 1
LogDevObjectVersion: Number of dev versions registered: 23
LogDevObjectVersion:   Dev-Blueprints (B0D832E4-1F89-4F0D-ACCF-7EB736FD4AA2): 10
LogDevObjectVersion:   Dev-Build (E1C64328-A22C-4D53-A36C-8E866417BD8C): 0
LogDevObjectVersion:   Dev-Core (375EC13C-06E4-48FB-B500-84F0262A717E): 3
LogDevObjectVersion:   Dev-Editor (E4B068ED-F494-42E9-A231-DA0B2E46BB41): 30
LogDevObjectVersion:   Dev-Framework (CFFC743F-43B0-4480-9391-14DF171D2073): 35
LogDevObjectVersion:   Dev-Mobile (B02B49B5-BB20-44E9-A304-32B752E40360): 2
LogDevObjectVersion:   Dev-Networking (A4E4105C-59A1-49B5-A7C5-40C4547EDFEE): 0
LogDevObjectVersion:   Dev-Online (39C831C9-5AE6-47DC-9A44-9C173E1C8E7C): 0
LogDevObjectVersion:   Dev-Physics (78F01B33-EBEA-4F98-B9B4-84EACCB95AA2): 0
LogDevObjectVersion:   Dev-Platform (6631380F-2D4D-43E0-8009-CF276956A95A): 0
LogDevObjectVersion:   Dev-Rendering (12F88B9F-8875-4AFC-A67C-D90C383ABD29): 28
LogDevObjectVersion:   Dev-Sequencer (7B5AE74C-D270-4C10-A958-57980B212A5A): 11
LogDevObjectVersion:   Dev-VR (D7296918-1DD6-4BDD-9DE2-64A83CC13884): 2
LogDevObjectVersion:   Dev-LoadTimes (C2A15278-BFE7-4AFE-6C17-90FF531DF755): 1
LogDevObjectVersion:   Private-Geometry (6EACA3D4-40EC-4CC1-B786-8BED09428FC5): 3
LogDevObjectVersion:   Dev-AnimPhys (29E575DD-E0A3-4627-9D10-D276232CDCEA): 17
LogDevObjectVersion:   Dev-Anim (AF43A65D-7FD3-4947-9873-3E8ED9C1BB05): 2
LogDevObjectVersion:   Dev-ReflectionCapture (6B266CEC-1EC7-4B8F-A30B-E4D90942FC07): 1
LogDevObjectVersion:   Dev-Automation (0DF73D61-A23F-47EA-B727-89E90C41499A): 1
LogDevObjectVersion:   FortniteMain (601D1886-AC64-4F84-AA16-D3DE0DEAC7D6): 25
LogDevObjectVersion:   Dev-Enterprise (9DFFBCD6-494F-0158-E221-12823C92A888): 6
LogDevObjectVersion:   Dev-Niagara (F2AED0AC-9AFE-416F-8664-AA7FFA26D6FC): 1
LogDevObjectVersion:   Dev-Destruction (174F1F0B-B4C6-45A5-B13F-2EE8D0FB917D): 2
LogInit: Presizing for max 16777216 objects, including 0 objects not considered by GC, pre-allocating 0 bytes for permanent pool.
LogInit: Object subsystem initialized
LogConfig: Setting CVar [[con.DebugEarlyDefault:1]]
LogConfig: Setting CVar [[r.setres:1280x720]]
[2019.11.01-15.04.08:448][  0]LogConfig: Setting CVar [[r.VSync:0]]
[2019.11.01-15.04.08:448][  0]LogConfig: Setting CVar [[r.RHICmdBypass:0]]
[2019.11.01-15.04.08:448][  0]LogConfig: Applying CVar settings from Section [/Script/Engine.RendererSettings] File [C:/Users/PerryPC/Documents/Unreal Projects/GeckoAdventures/Saved/Config/Windows/Engine.ini]
[2019.11.01-15.04.08:448][  0]LogConfig: Setting CVar [[r.GPUCrashDebugging:0]]
[2019.11.01-15.04.08:448][  0]LogConfig: Setting CVar [[r.MobileHDR:1]]
[2019.11.01-15.04.08:448][  0]LogConfig: Setting CVar [[r.Mobile.DisableVertexFog:1]]
[2019.11.01-15.04.08:448][  0]LogConfig: Setting CVar [[r.Shadow.CSM.MaxMobileCascades:2]]
[2019.11.01-15.04.08:448][  0]LogConfig: Setting CVar [[r.MobileMSAA:1]]
[2019.11.01-15.04.08:448][  0]LogConfig: Setting CVar [[r.Mobile.UseLegacyShadingModel:0]]
[2019.11.01-15.04.08:448][  0]LogConfig: Setting CVar [[r.Mobile.AllowDitheredLODTransition:0]]
[2019.11.01-15.04.08:448][  0]LogConfig: Setting CVar [[r.Mobile.AllowSoftwareOcclusion:0]]
[2019.11.01-15.04.08:448][  0]LogConfig: Setting CVar [[r.DiscardUnusedQuality:0]]
[2019.11.01-15.04.08:448][  0]LogConfig: Setting CVar [[r.AllowOcclusionQueries:1]]
[2019.11.01-15.04.08:448][  0]LogConfig: Setting CVar [[r.MinScreenRadiusForLights:0.030000]]
[2019.11.01-15.04.08:448][  0]LogConfig: Setting CVar [[r.MinScreenRadiusForDepthPrepass:0.030000]]
[2019.11.01-15.04.08:448][  0]LogConfig: Setting CVar [[r.MinScreenRadiusForCSMDepth:0.010000]]
[2019.11.01-15.04.08:448][  0]LogConfig: Setting CVar [[r.PrecomputedVisibilityWarning:0]]
[2019.11.01-15.04.08:448][  0]LogConfig: Setting CVar [[r.TextureStreaming:1]]
[2019.11.01-15.04.08:448][  0]LogConfig: Setting CVar [[Compat.UseDXT5NormalMaps:0]]
[2019.11.01-15.04.08:448][  0]LogConfig: Setting CVar [[r.ClearCoatNormal:0]]
[2019.11.01-15.04.08:448][  0]LogConfig: Setting CVar [[r.ReflectionCaptureResolution:128]]
[2019.11.01-15.04.08:448][  0]LogConfig: Setting CVar [[r.ReflectionEnvironmentLightmapMixBasedOnRoughness:1]]
[2019.11.01-15.04.08:448][  0]LogConfig: Setting CVar [[r.ForwardShading:0]]
[2019.11.01-15.04.08:448][  0]LogConfig: Setting CVar [[r.VertexFoggingForOpaque:1]]
[2019.11.01-15.04.08:448][  0]LogConfig: Setting CVar [[r.AllowStaticLighting:1]]
[2019.11.01-15.04.08:448][  0]LogConfig: Setting CVar [[r.NormalMapsForStaticLighting:0]]
[2019.11.01-15.04.08:448][  0]LogConfig: Setting CVar [[r.GenerateMeshDistanceFields:0]]
[2019.11.01-15.04.08:448][  0]LogConfig: Setting CVar [[r.DistanceFieldBuild.EightBit:0]]
[2019.11.01-15.04.08:448][  0]LogConfig: Setting CVar [[r.GenerateLandscapeGIData:0]]
[2019.11.01-15.04.08:448][  0]LogConfig: Setting CVar [[r.DistanceFieldBuild.Compress:0]]
[2019.11.01-15.04.08:448][  0]LogConfig: Setting CVar [[r.TessellationAdaptivePixelsPerTriangle:48.000000]]
[2019.11.01-15.04.08:448][  0]LogConfig: Setting CVar [[r.SeparateTranslucency:1]]
[2019.11.01-15.04.08:448][  0]LogConfig: Setting CVar [[r.TranslucentSortPolicy:0]]
[2019.11.01-15.04.08:448][  0]LogConfig: Setting CVar [[r.CustomDepth:1]]
[2019.11.01-15.04.08:448][  0]LogConfig: Setting CVar [[r.CustomDepthTemporalAAJitter:1]]
[2019.11.01-15.04.08:448][  0]LogConfig: Setting CVar [[r.PostProcessing.PropagateAlpha:0]]
[2019.11.01-15.04.08:448][  0]LogConfig: Setting CVar [[r.DOF.Algorithm:1]]
[2019.11.01-15.04.08:449][  0]LogConfig: Setting CVar [[r.DefaultFeature.Bloom:1]]
[2019.11.01-15.04.08:449][  0]LogConfig: Setting CVar [[r.DefaultFeature.AmbientOcclusion:1]]
[2019.11.01-15.04.08:449][  0]LogConfig: Setting CVar [[r.DefaultFeature.AmbientOcclusionStaticFraction:1]]
[2019.11.01-15.04.08:449][  0]LogConfig: Setting CVar [[r.DefaultFeature.AutoExposure:0]]
[2019.11.01-15.04.08:449][  0]LogConfig: Setting CVar [[r.DefaultFeature.AutoExposure.Method:0]]
[2019.11.01-15.04.08:449][  0]LogConfig: Setting CVar [[r.DefaultFeature.AutoExposure.ExtendDefaultLuminanceRange:0]]
[2019.11.01-15.04.08:449][  0]LogConfig: Setting CVar [[r.UsePreExposure:0]]
[2019.11.01-15.04.08:449][  0]LogConfig: Setting CVar [[r.DefaultFeature.MotionBlur:0]]
[2019.11.01-15.04.08:449][  0]LogConfig: Setting CVar [[r.DefaultFeature.LensFlare:0]]
[2019.11.01-15.04.08:449][  0]LogConfig: Setting CVar [[r.TemporalAA.Upsampling:0]]
[2019.11.01-15.04.08:449][  0]LogConfig: Setting CVar [[r.DefaultFeature.AntiAliasing:0]]
[2019.11.01-15.04.08:449][  0]LogConfig: Setting CVar [[r.DefaultFeature.LightUnits:1]]
[2019.11.01-15.04.08:449][  0]LogConfig: Setting CVar [[r.DefaultBackBufferPixelFormat:4]]
[2019.11.01-15.04.08:449][  0]LogConfig: Setting CVar [[r.Shadow.UnbuiltPreviewInGame:1]]
[2019.11.01-15.04.08:449][  0]LogConfig: Setting CVar [[r.StencilForLODDither:0]]
[2019.11.01-15.04.08:449][  0]LogConfig: Setting CVar [[r.EarlyZPass:3]]
[2019.11.01-15.04.08:450][  0]LogConfig: Setting CVar [[r.EarlyZPassOnlyMaterialMasking:0]]
[2019.11.01-15.04.08:450][  0]LogConfig: Setting CVar [[r.DBuffer:1]]
[2019.11.01-15.04.08:450][  0]LogConfig: Setting CVar [[r.ClearSceneMethod:1]]
[2019.11.01-15.04.08:450][  0]LogConfig: Setting CVar [[r.BasePassOutputsVelocity:0]]
[2019.11.01-15.04.08:450][  0]LogConfig: Setting CVar [[r.SelectiveBasePassOutputs:0]]
[2019.11.01-15.04.08:450][  0]LogConfig: Setting CVar [[fx.GPUSimulationTextureSizeX:1024]]
[2019.11.01-15.04.08:450][  0]LogConfig: Setting CVar [[fx.GPUSimulationTextureSizeY:1024]]
[2019.11.01-15.04.08:450][  0]LogConfig: Setting CVar [[r.AllowGlobalClipPlane:0]]
[2019.11.01-15.04.08:450][  0]LogConfig: Setting CVar [[r.GBufferFormat:1]]
[2019.11.01-15.04.08:450][  0]LogConfig: Setting CVar [[r.MorphTarget.Mode:1]]
[2019.11.01-15.04.08:450][  0]LogConfig: Setting CVar [[vr.InstancedStereo:0]]
[2019.11.01-15.04.08:450][  0]LogConfig: Setting CVar [[vr.MultiView:0]]
[2019.11.01-15.04.08:450][  0]LogConfig: Setting CVar [[vr.MobileMultiView:0]]
[2019.11.01-15.04.08:450][  0]LogConfig: Setting CVar [[vr.MobileMultiView.Direct:0]]
[2019.11.01-15.04.08:450][  0]LogConfig: Setting CVar [[vr.RoundRobinOcclusion:0]]
[2019.11.01-15.04.08:450][  0]LogConfig: Setting CVar [[vr.ODSCapture:0]]
[2019.11.01-15.04.08:450][  0]LogConfig: Setting CVar [[r.WireframeCullThreshold:5.000000]]
[2019.11.01-15.04.08:450][  0]LogConfig: Setting CVar [[r.SupportStationarySkylight:1]]
[2019.11.01-15.04.08:450][  0]LogConfig: Setting CVar [[r.SupportLowQualityLightmaps:1]]
[2019.11.01-15.04.08:450][  0]LogConfig: Setting CVar [[r.SupportPointLightWholeSceneShadows:1]]
[2019.11.01-15.04.08:450][  0]LogConfig: Setting CVar [[r.SupportAtmosphericFog:1]]
[2019.11.01-15.04.08:450][  0]LogConfig: Setting CVar [[r.SkinCache.CompileShaders:0]]
[2019.11.01-15.04.08:450][  0]LogConfig: Setting CVar [[r.Mobile.EnableStaticAndCSMShadowReceivers:1]]
[2019.11.01-15.04.08:450][  0]LogConfig: Setting CVar [[r.Mobile.EnableMovableLightCSMShaderCulling:1]]
[2019.11.01-15.04.08:450][  0]LogConfig: Setting CVar [[r.Mobile.AllowDistanceFieldShadows:1]]
[2019.11.01-15.04.08:450][  0]LogConfig: Setting CVar [[r.Mobile.AllowMovableDirectionalLights:1]]
[2019.11.01-15.04.08:450][  0]LogConfig: Setting CVar [[r.MobileNumDynamicPointLights:4]]
[2019.11.01-15.04.08:450][  0]LogConfig: Setting CVar [[r.MobileDynamicPointLightsUseStaticBranch:1]]
[2019.11.01-15.04.08:450][  0]LogConfig: Setting CVar [[r.SkinCache.SceneMemoryLimitInMB:128.000000]]
[2019.11.01-15.04.08:450][  0]LogConfig: Setting CVar [[r.GPUSkin.Limit2BoneInfluences:0]]
[2019.11.01-15.04.08:450][  0]LogConfig: Setting CVar [[r.SupportDepthOnlyIndexBuffers:1]]
[2019.11.01-15.04.08:450][  0]LogConfig: Setting CVar [[r.SupportReversedIndexBuffers:1]]
[2019.11.01-15.04.08:450][  0]LogConfig: Setting CVar [[r.SupportMaterialLayers:0]]
[2019.11.01-15.04.08:450][  0]LogConfig: Applying CVar settings from Section [/Script/Engine.RendererOverrideSettings] File [C:/Users/PerryPC/Documents/Unreal Projects/GeckoAdventures/Saved/Config/Windows/Engine.ini]
[2019.11.01-15.04.08:450][  0]LogConfig: Applying CVar settings from Section [/Script/Engine.StreamingSettings] File [C:/Users/PerryPC/Documents/Unreal Projects/GeckoAdventures/Saved/Config/Windows/Engine.ini]
[2019.11.01-15.04.08:450][  0]LogConfig: Setting CVar [[s.MinBulkDataSizeForAsyncLoading:131072]]
[2019.11.01-15.04.08:450][  0]LogConfig: Setting CVar [[s.AsyncLoadingThreadEnabled:0]]
[2019.11.01-15.04.08:450][  0]LogConfig: Setting CVar [[s.EventDrivenLoaderEnabled:1]]
[2019.11.01-15.04.08:450][  0]LogConfig: Setting CVar [[s.WarnIfTimeLimitExceeded:0]]
[2019.11.01-15.04.08:450][  0]LogConfig: Setting CVar [[s.TimeLimitExceededMultiplier:1.5]]
[2019.11.01-15.04.08:450][  0]LogConfig: Setting CVar [[s.TimeLimitExceededMinTime:0.005]]
[2019.11.01-15.04.08:450][  0]LogConfig: Setting CVar [[s.UseBackgroundLevelStreaming:1]]
[2019.11.01-15.04.08:450][  0]LogConfig: Setting CVar [[s.PriorityAsyncLoadingExtraTime:15.0]]
[2019.11.01-15.04.08:450][  0]LogConfig: Setting CVar [[s.LevelStreamingActorsUpdateTimeLimit:5.0]]
[2019.11.01-15.04.08:450][  0]LogConfig: Setting CVar [[s.PriorityLevelStreamingActorsUpdateExtraTime:5.0]]
[2019.11.01-15.04.08:450][  0]LogConfig: Setting CVar [[s.LevelStreamingComponentsRegistrationGranularity:10]]
[2019.11.01-15.04.08:450][  0]LogConfig: Setting CVar [[s.UnregisterComponentsTimeLimit:1.0]]
[2019.11.01-15.04.08:450][  0]LogConfig: Setting CVar [[s.LevelStreamingComponentsUnregistrationGranularity:5]]
[2019.11.01-15.04.08:451][  0]LogConfig: Applying CVar settings from Section [/Script/Engine.GarbageCollectionSettings] File [C:/Users/PerryPC/Documents/Unreal Projects/GeckoAdventures/Saved/Config/Windows/Engine.ini]
[2019.11.01-15.04.08:451][  0]LogConfig: Setting CVar [[gc.MaxObjectsNotConsideredByGC:1]]
[2019.11.01-15.04.08:451][  0]LogConfig: Setting CVar [[gc.SizeOfPermanentObjectPool:0]]
[2019.11.01-15.04.08:451][  0]LogConfig: Setting CVar [[gc.FlushStreamingOnGC:0]]
[2019.11.01-15.04.08:451][  0]LogConfig: Setting CVar [[gc.NumRetriesBeforeForcingGC:10]]
[2019.11.01-15.04.08:451][  0]LogConfig: Setting CVar [[gc.AllowParallelGC:1]]
[2019.11.01-15.04.08:451][  0]LogConfig: Setting CVar [[gc.TimeBetweenPurgingPendingKillObjects:61.1]]
[2019.11.01-15.04.08:451][  0]LogConfig: Setting CVar [[gc.MaxObjectsInEditor:16777216]]
[2019.11.01-15.04.08:451][  0]LogConfig: Setting CVar [[gc.IncrementalBeginDestroyEnabled:1]]
[2019.11.01-15.04.08:451][  0]LogConfig: Setting CVar [[gc.CreateGCClusters:1]]
[2019.11.01-15.04.08:451][  0]LogConfig: Setting CVar [[gc.MinGCClusterSize:5]]
[2019.11.01-15.04.08:451][  0]LogConfig: Setting CVar [[gc.ActorClusteringEnabled:0]]
[2019.11.01-15.04.08:451][  0]LogConfig: Setting CVar [[gc.BlueprintClusteringEnabled:0]]
[2019.11.01-15.04.08:451][  0]LogConfig: Setting CVar [[gc.UseDisregardForGCOnDedicatedServers:0]]
[2019.11.01-15.04.08:451][  0]LogConfig: Applying CVar settings from Section [/Script/Engine.NetworkSettings] File [C:/Users/PerryPC/Documents/Unreal Projects/GeckoAdventures/Saved/Config/Windows/Engine.ini]
[2019.11.01-15.04.08:451][  0]LogConfig: Applying CVar settings from Section [/Script/UnrealEd.CookerSettings] File [C:/Users/PerryPC/Documents/Unreal Projects/GeckoAdventures/Saved/Config/Windows/Engine.ini]
[2019.11.01-15.04.08:458][  0]LogConfig: Applying CVar settings from Section [ViewDistanceQuality@3] File [C:/Users/PerryPC/Documents/Unreal Projects/GeckoAdventures/Saved/Config/Windows/Scalability.ini]
[2019.11.01-15.04.08:458][  0]LogConfig: Setting CVar [[r.SkeletalMeshLODBias:0]]
[2019.11.01-15.04.08:458][  0]LogConfig: Setting CVar [[r.ViewDistanceScale:1.0]]
[2019.11.01-15.04.08:458][  0]LogConfig: Applying CVar settings from Section [AntiAliasingQuality@3] File [C:/Users/PerryPC/Documents/Unreal Projects/GeckoAdventures/Saved/Config/Windows/Scalability.ini]
[2019.11.01-15.04.08:458][  0]LogConfig: Setting CVar [[r.PostProcessAAQuality:4]]
[2019.11.01-15.04.08:458][  0]LogConfig: Applying CVar settings from Section [ShadowQuality@3] File [C:/Users/PerryPC/Documents/Unreal Projects/GeckoAdventures/Saved/Config/Windows/Scalability.ini]
[2019.11.01-15.04.08:458][  0]LogConfig: Setting CVar [[r.LightFunctionQuality:1]]
[2019.11.01-15.04.08:459][  0]LogConfig: Setting CVar [[r.ShadowQuality:5]]
[2019.11.01-15.04.08:459][  0]LogConfig: Setting CVar [[r.Shadow.CSM.MaxCascades:10]]
[2019.11.01-15.04.08:459][  0]LogConfig: Setting CVar [[r.Shadow.MaxResolution:2048]]
[2019.11.01-15.04.08:459][  0]LogConfig: Setting CVar [[r.Shadow.MaxCSMResolution:2048]]
[2019.11.01-15.04.08:459][  0]LogConfig: Setting CVar [[r.Shadow.RadiusThreshold:0.01]]
[2019.11.01-15.04.08:459][  0]LogConfig: Setting CVar [[r.Shadow.DistanceScale:1.0]]
[2019.11.01-15.04.08:459][  0]LogConfig: Setting CVar [[r.Shadow.CSM.TransitionScale:1.0]]
[2019.11.01-15.04.08:459][  0]LogConfig: Setting CVar [[r.Shadow.PreShadowResolutionFactor:1.0]]
[2019.11.01-15.04.08:459][  0]LogConfig: Setting CVar [[r.DistanceFieldShadowing:1]]
[2019.11.01-15.04.08:459][  0]LogConfig: Setting CVar [[r.DistanceFieldAO:1]]
[2019.11.01-15.04.08:459][  0]LogConfig: Setting CVar [[r.AOQuality:2]]
[2019.11.01-15.04.08:459][  0]LogConfig: Setting CVar [[r.VolumetricFog:1]]
[2019.11.01-15.04.08:459][  0]LogConfig: Setting CVar [[r.VolumetricFog.GridPixelSize:8]]
[2019.11.01-15.04.08:459][  0]LogConfig: Setting CVar [[r.VolumetricFog.GridSizeZ:128]]
[2019.11.01-15.04.08:459][  0]LogConfig: Setting CVar [[r.VolumetricFog.HistoryMissSupersampleCount:4]]
[2019.11.01-15.04.08:459][  0]LogConfig: Setting CVar [[r.LightMaxDrawDistanceScale:1]]
[2019.11.01-15.04.08:459][  0]LogConfig: Setting CVar [[r.CapsuleShadows:1]]
[2019.11.01-15.04.08:459][  0]LogConfig: Applying CVar settings from Section [PostProcessQuality@3] File [C:/Users/PerryPC/Documents/Unreal Projects/GeckoAdventures/Saved/Config/Windows/Scalability.ini]
[2019.11.01-15.04.08:459][  0]LogConfig: Setting CVar [[r.MotionBlurQuality:4]]
[2019.11.01-15.04.08:459][  0]LogConfig: Setting CVar [[r.AmbientOcclusionMipLevelFactor:0.4]]
[2019.11.01-15.04.08:459][  0]LogConfig: Setting CVar [[r.AmbientOcclusionMaxQuality:100]]
[2019.11.01-15.04.08:459][  0]LogConfig: Setting CVar [[r.AmbientOcclusionLevels:-1]]
[2019.11.01-15.04.08:459][  0]LogConfig: Setting CVar [[r.AmbientOcclusionRadiusScale:1.0]]
[2019.11.01-15.04.08:459][  0]LogConfig: Setting CVar [[r.DepthOfFieldQuality:2]]
[2019.11.01-15.04.08:459][  0]LogConfig: Setting CVar [[r.RenderTargetPoolMin:400]]
[2019.11.01-15.04.08:459][  0]LogConfig: Setting CVar [[r.LensFlareQuality:2]]
[2019.11.01-15.04.08:459][  0]LogConfig: Setting CVar [[r.SceneColorFringeQuality:1]]
[2019.11.01-15.04.08:459][  0]LogConfig: Setting CVar [[r.EyeAdaptationQuality:2]]
[2019.11.01-15.04.08:459][  0]LogConfig: Setting CVar [[r.BloomQuality:5]]
[2019.11.01-15.04.08:459][  0]LogConfig: Setting CVar [[r.FastBlurThreshold:100]]
[2019.11.01-15.04.08:459][  0]LogConfig: Setting CVar [[r.Upscale.Quality:3]]
[2019.11.01-15.04.08:459][  0]LogConfig: Setting CVar [[r.Tonemapper.GrainQuantization:1]]
[2019.11.01-15.04.08:459][  0]LogConfig: Setting CVar [[r.LightShaftQuality:1]]
[2019.11.01-15.04.08:459][  0]LogConfig: Setting CVar [[r.Filter.SizeScale:1]]
[2019.11.01-15.04.08:459][  0]LogConfig: Setting CVar [[r.Tonemapper.Quality:5]]
[2019.11.01-15.04.08:459][  0]LogConfig: Setting CVar [[r.DOF.Gather.AccumulatorQuality:1        ; higher gathering accumulator quality]]
[2019.11.01-15.04.08:459][  0]LogConfig: Setting CVar [[r.DOF.Gather.PostfilterMethod:1          ; Median3x3 postfilering method]]
[2019.11.01-15.04.08:459][  0]LogConfig: Setting CVar [[r.DOF.Gather.EnableBokehSettings:0       ; no bokeh simulation when gathering]]
[2019.11.01-15.04.08:459][  0]LogConfig: Setting CVar [[r.DOF.Gather.RingCount:4                 ; medium number of samples when gathering]]
[2019.11.01-15.04.08:459][  0]LogConfig: Setting CVar [[r.DOF.Scatter.ForegroundCompositing:1    ; additive foreground scattering]]
[2019.11.01-15.04.08:459][  0]LogConfig: Setting CVar [[r.DOF.Scatter.BackgroundCompositing:2    ; additive background scattering]]
[2019.11.01-15.04.08:459][  0]LogConfig: Setting CVar [[r.DOF.Scatter.EnableBokehSettings:1      ; bokeh simulation when scattering]]
[2019.11.01-15.04.08:459][  0]LogConfig: Setting CVar [[r.DOF.Scatter.MaxSpriteRatio:0.1         ; only a maximum of 10% of scattered bokeh]]
[2019.11.01-15.04.08:459][  0]LogConfig: Setting CVar [[r.DOF.Recombine.Quality:1                ; cheap slight out of focus]]
[2019.11.01-15.04.08:459][  0]LogConfig: Setting CVar [[r.DOF.Recombine.EnableBokehSettings:0    ; no bokeh simulation on slight out of focus]]
[2019.11.01-15.04.08:459][  0]LogConfig: Setting CVar [[r.DOF.TemporalAAQuality:1                ; more stable temporal accumulation]]
[2019.11.01-15.04.08:459][  0]LogConfig: Setting CVar [[r.DOF.Kernel.MaxForegroundRadius:0.025]]
[2019.11.01-15.04.08:459][  0]LogConfig: Setting CVar [[r.DOF.Kernel.MaxBackgroundRadius:0.025]]
[2019.11.01-15.04.08:459][  0]LogConfig: Applying CVar settings from Section [TextureQuality@3] File [C:/Users/PerryPC/Documents/Unreal Projects/GeckoAdventures/Saved/Config/Windows/Scalability.ini]
[2019.11.01-15.04.08:459][  0]LogConfig: Setting CVar [[r.Streaming.MipBias:0]]
[2019.11.01-15.04.08:459][  0]LogConfig: Setting CVar [[r.Streaming.AmortizeCPUToGPUCopy:0]]
[2019.11.01-15.04.08:459][  0]LogConfig: Setting CVar [[r.Streaming.MaxNumTexturesToStreamPerFrame:0]]
[2019.11.01-15.04.08:459][  0]LogConfig: Setting CVar [[r.Streaming.Boost:1]]
[2019.11.01-15.04.08:459][  0]LogConfig: Setting CVar [[r.MaxAnisotropy:8]]
[2019.11.01-15.04.08:459][  0]LogConfig: Setting CVar [[r.Streaming.LimitPoolSizeToVRAM:0]]
[2019.11.01-15.04.08:459][  0]LogConfig: Setting CVar [[r.Streaming.PoolSize:1000]]
[2019.11.01-15.04.08:459][  0]LogConfig: Setting CVar [[r.Streaming.MaxEffectiveScreenSize:0]]
[2019.11.01-15.04.08:459][  0]LogConfig: Applying CVar settings from Section [EffectsQuality@3] File [C:/Users/PerryPC/Documents/Unreal Projects/GeckoAdventures/Saved/Config/Windows/Scalability.ini]
[2019.11.01-15.04.08:459][  0]LogConfig: Setting CVar [[r.TranslucencyLightingVolumeDim:64]]
[2019.11.01-15.04.08:459][  0]LogConfig: Setting CVar [[r.RefractionQuality:2]]
[2019.11.01-15.04.08:459][  0]LogConfig: Setting CVar [[r.SSR.Quality:3]]
[2019.11.01-15.04.08:459][  0]LogConfig: Setting CVar [[r.SceneColorFormat:4]]
[2019.11.01-15.04.08:459][  0]LogConfig: Setting CVar [[r.DetailMode:2]]
[2019.11.01-15.04.08:459][  0]LogConfig: Setting CVar [[r.TranslucencyVolumeBlur:1]]
[2019.11.01-15.04.08:459][  0]LogConfig: Setting CVar [[r.MaterialQualityLevel:1 ; High quality]]
[2019.11.01-15.04.08:459][  0]LogConfig: Setting CVar [[r.SSS.Scale:1]]
[2019.11.01-15.04.08:459][  0]LogConfig: Setting CVar [[r.SSS.SampleSet:2]]
[2019.11.01-15.04.08:459][  0]LogConfig: Setting CVar [[r.SSS.Quality:1]]
[2019.11.01-15.04.08:459][  0]LogConfig: Setting CVar [[r.SSS.HalfRes:1]]
[2019.11.01-15.04.08:459][  0]LogConfig: Setting CVar [[r.EmitterSpawnRateScale:1.0]]
[2019.11.01-15.04.08:459][  0]LogConfig: Setting CVar [[r.ParticleLightQuality:2]]
[2019.11.01-15.04.08:459][  0]LogConfig: Applying CVar settings from Section [FoliageQuality@3] File [C:/Users/PerryPC/Documents/Unreal Projects/GeckoAdventures/Saved/Config/Windows/Scalability.ini]
[2019.11.01-15.04.08:459][  0]LogConfig: Setting CVar [[foliage.DensityScale:1.0]]
[2019.11.01-15.04.08:459][  0]LogConfig: Setting CVar [[grass.DensityScale:1.0]]
[2019.11.01-15.04.08:460][  0]LogInit: Selected Device Profile: [Windows]
[2019.11.01-15.04.08:460][  0]LogInit: Applying CVar settings loaded from the selected device profile: [Windows]
[2019.11.01-15.04.08:477][  0]LogHAL: Display: Platform has ~ 8 GB [8374956032 / 8589934592 / 8], which maps to Default [LargestMinGB=32, LargerMinGB=12, DefaultMinGB=8, SmallerMinGB=6, SmallestMinGB=0)
[2019.11.01-15.04.08:478][  0]LogConfig: Setting CVar [[r.Vulkan.UseRealUBs:0		; Required until we fix HLR fall-out]]
[2019.11.01-15.04.08:478][  0]LogInit: Going up to parent DeviceProfile []
[2019.11.01-15.04.08:479][  0]LogConfig: Applying CVar settings from Section [ViewDistanceQuality@3] File [C:/Users/PerryPC/Documents/Unreal Projects/GeckoAdventures/Saved/Config/Windows/Scalability.ini]
[2019.11.01-15.04.08:479][  0]LogConfig: Setting CVar [[r.SkeletalMeshLODBias:0]]
[2019.11.01-15.04.08:479][  0]LogConfig: Setting CVar [[r.ViewDistanceScale:1.0]]
[2019.11.01-15.04.08:479][  0]LogConfig: Applying CVar settings from Section [AntiAliasingQuality@3] File [C:/Users/PerryPC/Documents/Unreal Projects/GeckoAdventures/Saved/Config/Windows/Scalability.ini]
[2019.11.01-15.04.08:479][  0]LogConfig: Setting CVar [[r.PostProcessAAQuality:4]]
[2019.11.01-15.04.08:479][  0]LogConfig: Applying CVar settings from Section [ShadowQuality@3] File [C:/Users/PerryPC/Documents/Unreal Projects/GeckoAdventures/Saved/Config/Windows/Scalability.ini]
[2019.11.01-15.04.08:479][  0]LogConfig: Setting CVar [[r.LightFunctionQuality:1]]
[2019.11.01-15.04.08:479][  0]LogConfig: Setting CVar [[r.ShadowQuality:5]]
[2019.11.01-15.04.08:479][  0]LogConfig: Setting CVar [[r.Shadow.CSM.MaxCascades:10]]
[2019.11.01-15.04.08:479][  0]LogConfig: Setting CVar [[r.Shadow.MaxResolution:2048]]
[2019.11.01-15.04.08:479][  0]LogConfig: Setting CVar [[r.Shadow.MaxCSMResolution:2048]]
[2019.11.01-15.04.08:479][  0]LogConfig: Setting CVar [[r.Shadow.RadiusThreshold:0.01]]
[2019.11.01-15.04.08:479][  0]LogConfig: Setting CVar [[r.Shadow.DistanceScale:1.0]]
[2019.11.01-15.04.08:479][  0]LogConfig: Setting CVar [[r.Shadow.CSM.TransitionScale:1.0]]
[2019.11.01-15.04.08:479][  0]LogConfig: Setting CVar [[r.Shadow.PreShadowResolutionFactor:1.0]]
[2019.11.01-15.04.08:479][  0]LogConfig: Setting CVar [[r.DistanceFieldShadowing:1]]
[2019.11.01-15.04.08:479][  0]LogConfig: Setting CVar [[r.DistanceFieldAO:1]]
[2019.11.01-15.04.08:479][  0]LogConfig: Setting CVar [[r.AOQuality:2]]
[2019.11.01-15.04.08:479][  0]LogConfig: Setting CVar [[r.VolumetricFog:1]]
[2019.11.01-15.04.08:479][  0]LogConfig: Setting CVar [[r.VolumetricFog.GridPixelSize:8]]
[2019.11.01-15.04.08:479][  0]LogConfig: Setting CVar [[r.VolumetricFog.GridSizeZ:128]]
[2019.11.01-15.04.08:479][  0]LogConfig: Setting CVar [[r.VolumetricFog.HistoryMissSupersampleCount:4]]
[2019.11.01-15.04.08:479][  0]LogConfig: Setting CVar [[r.LightMaxDrawDistanceScale:1]]
[2019.11.01-15.04.08:479][  0]LogConfig: Setting CVar [[r.CapsuleShadows:1]]
[2019.11.01-15.04.08:479][  0]LogConfig: Applying CVar settings from Section [PostProcessQuality@3] File [C:/Users/PerryPC/Documents/Unreal Projects/GeckoAdventures/Saved/Config/Windows/Scalability.ini]
[2019.11.01-15.04.08:479][  0]LogConfig: Setting CVar [[r.MotionBlurQuality:4]]
[2019.11.01-15.04.08:479][  0]LogConfig: Setting CVar [[r.AmbientOcclusionMipLevelFactor:0.4]]
[2019.11.01-15.04.08:479][  0]LogConfig: Setting CVar [[r.AmbientOcclusionMaxQuality:100]]
[2019.11.01-15.04.08:479][  0]LogConfig: Setting CVar [[r.AmbientOcclusionLevels:-1]]
[2019.11.01-15.04.08:479][  0]LogConfig: Setting CVar [[r.AmbientOcclusionRadiusScale:1.0]]
[2019.11.01-15.04.08:479][  0]LogConfig: Setting CVar [[r.DepthOfFieldQuality:2]]
[2019.11.01-15.04.08:479][  0]LogConfig: Setting CVar [[r.RenderTargetPoolMin:400]]
[2019.11.01-15.04.08:479][  0]LogConfig: Setting CVar [[r.LensFlareQuality:2]]
[2019.11.01-15.04.08:479][  0]LogConfig: Setting CVar [[r.SceneColorFringeQuality:1]]
[2019.11.01-15.04.08:479][  0]LogConfig: Setting CVar [[r.EyeAdaptationQuality:2]]
[2019.11.01-15.04.08:479][  0]LogConfig: Setting CVar [[r.BloomQuality:5]]
[2019.11.01-15.04.08:479][  0]LogConfig: Setting CVar [[r.FastBlurThreshold:100]]
[2019.11.01-15.04.08:479][  0]LogConfig: Setting CVar [[r.Upscale.Quality:3]]
[2019.11.01-15.04.08:479][  0]LogConfig: Setting CVar [[r.Tonemapper.GrainQuantization:1]]
[2019.11.01-15.04.08:479][  0]LogConfig: Setting CVar [[r.LightShaftQuality:1]]
[2019.11.01-15.04.08:479][  0]LogConfig: Setting CVar [[r.Filter.SizeScale:1]]
[2019.11.01-15.04.08:479][  0]LogConfig: Setting CVar [[r.Tonemapper.Quality:5]]
[2019.11.01-15.04.08:479][  0]LogConfig: Setting CVar [[r.DOF.Gather.AccumulatorQuality:1        ; higher gathering accumulator quality]]
[2019.11.01-15.04.08:479][  0]LogConfig: Setting CVar [[r.DOF.Gather.PostfilterMethod:1          ; Median3x3 postfilering method]]
[2019.11.01-15.04.08:479][  0]LogConfig: Setting CVar [[r.DOF.Gather.EnableBokehSettings:0       ; no bokeh simulation when gathering]]
[2019.11.01-15.04.08:479][  0]LogConfig: Setting CVar [[r.DOF.Gather.RingCount:4                 ; medium number of samples when gathering]]
[2019.11.01-15.04.08:479][  0]LogConfig: Setting CVar [[r.DOF.Scatter.ForegroundCompositing:1    ; additive foreground scattering]]
[2019.11.01-15.04.08:479][  0]LogConfig: Setting CVar [[r.DOF.Scatter.BackgroundCompositing:2    ; additive background scattering]]
[2019.11.01-15.04.08:479][  0]LogConfig: Setting CVar [[r.DOF.Scatter.EnableBokehSettings:1      ; bokeh simulation when scattering]]
[2019.11.01-15.04.08:479][  0]LogConfig: Setting CVar [[r.DOF.Scatter.MaxSpriteRatio:0.1         ; only a maximum of 10% of scattered bokeh]]
[2019.11.01-15.04.08:479][  0]LogConfig: Setting CVar [[r.DOF.Recombine.Quality:1                ; cheap slight out of focus]]
[2019.11.01-15.04.08:480][  0]LogConfig: Setting CVar [[r.DOF.Recombine.EnableBokehSettings:0    ; no bokeh simulation on slight out of focus]]
[2019.11.01-15.04.08:480][  0]LogConfig: Setting CVar [[r.DOF.TemporalAAQuality:1                ; more stable temporal accumulation]]
[2019.11.01-15.04.08:480][  0]LogConfig: Setting CVar [[r.DOF.Kernel.MaxForegroundRadius:0.025]]
[2019.11.01-15.04.08:480][  0]LogConfig: Setting CVar [[r.DOF.Kernel.MaxBackgroundRadius:0.025]]
[2019.11.01-15.04.08:480][  0]LogConfig: Applying CVar settings from Section [TextureQuality@3] File [C:/Users/PerryPC/Documents/Unreal Projects/GeckoAdventures/Saved/Config/Windows/Scalability.ini]
[2019.11.01-15.04.08:480][  0]LogConfig: Setting CVar [[r.Streaming.MipBias:0]]
[2019.11.01-15.04.08:480][  0]LogConfig: Setting CVar [[r.Streaming.AmortizeCPUToGPUCopy:0]]
[2019.11.01-15.04.08:480][  0]LogConfig: Setting CVar [[r.Streaming.MaxNumTexturesToStreamPerFrame:0]]
[2019.11.01-15.04.08:480][  0]LogConfig: Setting CVar [[r.Streaming.Boost:1]]
[2019.11.01-15.04.08:480][  0]LogConfig: Setting CVar [[r.MaxAnisotropy:8]]
[2019.11.01-15.04.08:480][  0]LogConfig: Setting CVar [[r.Streaming.LimitPoolSizeToVRAM:0]]
[2019.11.01-15.04.08:480][  0]LogConfig: Setting CVar [[r.Streaming.PoolSize:1000]]
[2019.11.01-15.04.08:480][  0]LogConfig: Setting CVar [[r.Streaming.MaxEffectiveScreenSize:0]]
[2019.11.01-15.04.08:480][  0]LogConfig: Applying CVar settings from Section [EffectsQuality@3] File [C:/Users/PerryPC/Documents/Unreal Projects/GeckoAdventures/Saved/Config/Windows/Scalability.ini]
[2019.11.01-15.04.08:480][  0]LogConfig: Setting CVar [[r.TranslucencyLightingVolumeDim:64]]
[2019.11.01-15.04.08:480][  0]LogConfig: Setting CVar [[r.RefractionQuality:2]]
[2019.11.01-15.04.08:480][  0]LogConfig: Setting CVar [[r.SSR.Quality:3]]
[2019.11.01-15.04.08:480][  0]LogConfig: Setting CVar [[r.SceneColorFormat:4]]
[2019.11.01-15.04.08:480][  0]LogConfig: Setting CVar [[r.DetailMode:2]]
[2019.11.01-15.04.08:480][  0]LogConfig: Setting CVar [[r.TranslucencyVolumeBlur:1]]
[2019.11.01-15.04.08:480][  0]LogConfig: Setting CVar [[r.MaterialQualityLevel:1 ; High quality]]
[2019.11.01-15.04.08:480][  0]LogConfig: Setting CVar [[r.SSS.Scale:1]]
[2019.11.01-15.04.08:480][  0]LogConfig: Setting CVar [[r.SSS.SampleSet:2]]
[2019.11.01-15.04.08:480][  0]LogConfig: Setting CVar [[r.SSS.Quality:1]]
[2019.11.01-15.04.08:480][  0]LogConfig: Setting CVar [[r.SSS.HalfRes:1]]
[2019.11.01-15.04.08:480][  0]LogConfig: Setting CVar [[r.EmitterSpawnRateScale:1.0]]
[2019.11.01-15.04.08:480][  0]LogConfig: Setting CVar [[r.ParticleLightQuality:2]]
[2019.11.01-15.04.08:480][  0]LogConfig: Applying CVar settings from Section [FoliageQuality@3] File [C:/Users/PerryPC/Documents/Unreal Projects/GeckoAdventures/Saved/Config/Windows/Scalability.ini]
[2019.11.01-15.04.08:480][  0]LogConfig: Setting CVar [[foliage.DensityScale:1.0]]
[2019.11.01-15.04.08:480][  0]LogConfig: Setting CVar [[grass.DensityScale:1.0]]
[2019.11.01-15.04.08:480][  0]LogConfig: Applying CVar settings from Section [Startup] File [../../../Engine/Config/ConsoleVariables.ini]
[2019.11.01-15.04.08:481][  0]LogConfig: Setting CVar [[net.UseAdaptiveNetUpdateFrequency:0]]
[2019.11.01-15.04.08:481][  0]LogConfig: Setting CVar [[p.chaos.AllowCreatePhysxBodies:1]]
[2019.11.01-15.04.08:481][  0]LogConfig: Applying CVar settings from Section [ConsoleVariables] File [C:/Users/PerryPC/Documents/Unreal Projects/GeckoAdventures/Saved/Config/Windows/Engine.ini]
[2019.11.01-15.04.08:482][  0]LogInit: Computer: DESKTOP-3N9L260
[2019.11.01-15.04.08:482][  0]LogInit: User: PerryPC
[2019.11.01-15.04.08:482][  0]LogInit: CPU Page size=4096, Cores=4
[2019.11.01-15.04.08:482][  0]LogInit: High frequency timer resolution =10.000000 MHz
[2019.11.01-15.04.08:482][  0]LogMemory: Memory total: Physical=7.8GB (8GB approx)
[2019.11.01-15.04.08:482][  0]LogMemory: Platform Memory Stats for Windows
[2019.11.01-15.04.08:482][  0]LogMemory: Process Physical Memory: 100.81 MB used, 100.81 MB peak
[2019.11.01-15.04.08:482][  0]LogMemory: Process Virtual Memory: 92.12 MB used, 92.12 MB peak
[2019.11.01-15.04.08:482][  0]LogMemory: Physical Memory: 6504.23 MB used,  1482.75 MB free, 7986.98 MB total
[2019.11.01-15.04.08:482][  0]LogMemory: Virtual Memory: 4633.52 MB used,  134213096.00 MB free, 134217728.00 MB total
[2019.11.01-15.04.08:639][  0]LogInit: Using OS detected language (nb-NO).
[2019.11.01-15.04.08:639][  0]LogInit: Using OS detected locale (nb-NO).
[2019.11.01-15.04.08:642][  0]LogTextLocalizationManager: No localization for 'nb-NO' exists, so 'en' will be used for the language.
[2019.11.01-15.04.09:008][  0]LogInit: Setting process to per monitor DPI aware
[2019.11.01-15.04.09:079][  0]LogSlate: New Slate User Created.  User Index 0, Is Virtual User: 0
[2019.11.01-15.04.09:079][  0]LogSlate: Slate User Registered.  User Index 0, Is Virtual User: 0
[2019.11.01-15.04.09:975][  0]LogHMD: Failed to initialize OpenVR with code 110
[2019.11.01-15.04.09:976][  0]LogD3D11RHI: D3D11 adapters:
[2019.11.01-15.04.10:094][  0]LogD3D11RHI:    0. 'NVIDIA GeForce GTX 950M' (Feature Level 11_0)
[2019.11.01-15.04.10:094][  0]LogD3D11RHI:       4055/0/3993 MB DedicatedVideo/DedicatedSystem/SharedSystem, Outputs:1, VendorId:0x10de
[2019.11.01-15.04.10:138][  0]LogD3D11RHI:    1. 'Intel(R) HD Graphics 530' (Feature Level 11_0)
[2019.11.01-15.04.10:138][  0]LogD3D11RHI:       128/0/3993 MB DedicatedVideo/DedicatedSystem/SharedSystem, Outputs:0, VendorId:0x8086
[2019.11.01-15.04.10:151][  0]LogD3D11RHI:    2. 'Microsoft Basic Render Driver' (Feature Level 11_0)
[2019.11.01-15.04.10:151][  0]LogD3D11RHI:       0/0/3993 MB DedicatedVideo/DedicatedSystem/SharedSystem, Outputs:0, VendorId:0x1414
[2019.11.01-15.04.10:151][  0]LogD3D11RHI: Chosen D3D11 Adapter: 0
[2019.11.01-15.04.10:212][  0]LogD3D11RHI: Creating new Direct3DDevice
[2019.11.01-15.04.10:212][  0]LogD3D11RHI:     GPU DeviceId: 0x139a (for the marketing name, search the web for "GPU Device Id")
[2019.11.01-15.04.10:212][  0]LogWindows: EnumDisplayDevices:
[2019.11.01-15.04.10:212][  0]LogWindows:    0. 'Intel(R) HD Graphics 530' (P:1 D:1)
[2019.11.01-15.04.10:213][  0]LogWindows:    1. 'Intel(R) HD Graphics 530' (P:0 D:0)
[2019.11.01-15.04.10:213][  0]LogWindows:    2. 'Intel(R) HD Graphics 530' (P:0 D:0)
[2019.11.01-15.04.10:213][  0]LogWindows: DebugString: PrimaryIsNotTheChoosenAdapter PrimaryIsNotTheChoosenAdapter PrimaryIsNotTheChoosenAdapter FoundDriverCount:0 
[2019.11.01-15.04.10:213][  0]LogD3D11RHI:     Adapter Name: NVIDIA GeForce GTX 950M
[2019.11.01-15.04.10:213][  0]LogD3D11RHI:   Driver Version: Unknown (internal:Unknown, unified:Unknown)
[2019.11.01-15.04.10:213][  0]LogD3D11RHI:      Driver Date: Unknown
[2019.11.01-15.04.10:213][  0]LogRHI: Texture pool is 2839 MB (70% of 4055 MB)
[2019.11.01-15.04.10:285][  0]LogD3D11RHI: Async texture creation enabled
[2019.11.01-15.04.10:305][  0]LogRendererCore: FGlobalReadBuffer::InitRHI
[2019.11.01-15.04.10:307][  0]LogRendererCore: FGlobalReadBuffer::InitRHI
[2019.11.01-15.04.10:307][  0]LogRendererCore: FGlobalReadBuffer::InitRHI
[2019.11.01-15.04.10:319][  0]LogD3D11RHI: GPU Timing Frequency: 1000.000000 (Debug: 2 1)
[2019.11.01-15.04.11:258][  0]LogTemp: Display: Module 'AllDesktopTargetPlatform' loaded TargetPlatform 'AllDesktop'
[2019.11.01-15.04.11:288][  0]LogTemp: Display: Module 'MacClientTargetPlatform' loaded TargetPlatform 'MacClient'
[2019.11.01-15.04.11:312][  0]LogTemp: Display: Module 'MacNoEditorTargetPlatform' loaded TargetPlatform 'MacNoEditor'
[2019.11.01-15.04.11:337][  0]LogTemp: Display: Module 'MacServerTargetPlatform' loaded TargetPlatform 'MacServer'
[2019.11.01-15.04.11:362][  0]LogTemp: Display: Module 'MacTargetPlatform' loaded TargetPlatform 'Mac'
[2019.11.01-15.04.11:390][  0]LogTemp: Display: Module 'WindowsClientTargetPlatform' loaded TargetPlatform 'WindowsClient'
[2019.11.01-15.04.11:415][  0]LogTemp: Display: Module 'WindowsNoEditorTargetPlatform' loaded TargetPlatform 'WindowsNoEditor'
[2019.11.01-15.04.11:439][  0]LogTemp: Display: Module 'WindowsServerTargetPlatform' loaded TargetPlatform 'WindowsServer'
[2019.11.01-15.04.11:452][  0]LogTemp: Display: Module 'WindowsTargetPlatform' loaded TargetPlatform 'Windows'
[2019.11.01-15.04.11:599][  0]LogTemp: Display: Module 'AndroidTargetPlatform' loaded TargetPlatform 'Android'
[2019.11.01-15.04.11:600][  0]LogTemp: Display: Module 'AndroidTargetPlatform' loaded TargetPlatform 'Android_ASTC'
[2019.11.01-15.04.11:600][  0]LogTemp: Display: Module 'AndroidTargetPlatform' loaded TargetPlatform 'Android_ATC'
[2019.11.01-15.04.11:600][  0]LogTemp: Display: Module 'AndroidTargetPlatform' loaded TargetPlatform 'Android_DXT'
[2019.11.01-15.04.11:600][  0]LogTemp: Display: Module 'AndroidTargetPlatform' loaded TargetPlatform 'Android_ETC1'
[2019.11.01-15.04.11:600][  0]LogTemp: Display: Module 'AndroidTargetPlatform' loaded TargetPlatform 'Android_ETC1a'
[2019.11.01-15.04.11:600][  0]LogTemp: Display: Module 'AndroidTargetPlatform' loaded TargetPlatform 'Android_ETC2'
[2019.11.01-15.04.11:600][  0]LogTemp: Display: Module 'AndroidTargetPlatform' loaded TargetPlatform 'Android_PVRTC'
[2019.11.01-15.04.11:600][  0]LogTemp: Display: Module 'AndroidTargetPlatform' loaded TargetPlatform 'AndroidClient'
[2019.11.01-15.04.11:600][  0]LogTemp: Display: Module 'AndroidTargetPlatform' loaded TargetPlatform 'Android_ASTCClient'
[2019.11.01-15.04.11:600][  0]LogTemp: Display: Module 'AndroidTargetPlatform' loaded TargetPlatform 'Android_ATCClient'
[2019.11.01-15.04.11:600][  0]LogTemp: Display: Module 'AndroidTargetPlatform' loaded TargetPlatform 'Android_DXTClient'
[2019.11.01-15.04.11:600][  0]LogTemp: Display: Module 'AndroidTargetPlatform' loaded TargetPlatform 'Android_ETC1Client'
[2019.11.01-15.04.11:600][  0]LogTemp: Display: Module 'AndroidTargetPlatform' loaded TargetPlatform 'Android_ETC1aClient'
[2019.11.01-15.04.11:600][  0]LogTemp: Display: Module 'AndroidTargetPlatform' loaded TargetPlatform 'Android_ETC2Client'
[2019.11.01-15.04.11:600][  0]LogTemp: Display: Module 'AndroidTargetPlatform' loaded TargetPlatform 'Android_PVRTCClient'
[2019.11.01-15.04.11:600][  0]LogTemp: Display: Module 'AndroidTargetPlatform' loaded TargetPlatform 'Android_Multi'
[2019.11.01-15.04.11:600][  0]LogTemp: Display: Module 'AndroidTargetPlatform' loaded TargetPlatform 'Android_MultiClient'
[2019.11.01-15.04.11:612][  0]LogTemp: Display: Module 'HTML5TargetPlatform' loaded TargetPlatform 'HTML5'
[2019.11.01-15.04.11:691][  0]LogTemp: Display: Module 'IOSTargetPlatform' loaded TargetPlatform 'IOSClient'
[2019.11.01-15.04.11:691][  0]LogTemp: Display: Module 'IOSTargetPlatform' loaded TargetPlatform 'IOS'
[2019.11.01-15.04.11:730][  0]LogTemp: Display: Module 'TVOSTargetPlatform' loaded TargetPlatform 'TVOSClient'
[2019.11.01-15.04.11:730][  0]LogTemp: Display: Module 'TVOSTargetPlatform' loaded TargetPlatform 'TVOS'
[2019.11.01-15.04.11:757][  0]LogTemp: Display: Module 'LinuxClientTargetPlatform' loaded TargetPlatform 'LinuxClient'
[2019.11.01-15.04.11:779][  0]LogTemp: Display: Module 'LinuxNoEditorTargetPlatform' loaded TargetPlatform 'LinuxNoEditor'
[2019.11.01-15.04.11:802][  0]LogTemp: Display: Module 'LinuxServerTargetPlatform' loaded TargetPlatform 'LinuxServer'
[2019.11.01-15.04.11:828][  0]LogTemp: Display: Module 'LinuxTargetPlatform' loaded TargetPlatform 'Linux'
[2019.11.01-15.04.11:911][  0]LogTemp: Display: Module 'LuminTargetPlatform' loaded TargetPlatform 'Lumin'
[2019.11.01-15.04.11:911][  0]LogTemp: Display: Module 'LuminTargetPlatform' loaded TargetPlatform 'LuminClient'
[2019.11.01-15.04.11:911][  0]LogTargetPlatformManager: Display: Building Assets For Windows
[2019.11.01-15.04.11:942][  0]LogAudioDebug: Display: Lib vorbis DLL was dynamically loaded.
[2019.11.01-15.04.12:108][  0]LogShaderCompilers: Guid format shader working directory is -25 characters bigger than the processId version (../../../../../../Users/PerryPC/Documents/Unreal Projects/GeckoAdventures/Intermediate/Shaders/WorkingDirectory/2264/).
[2019.11.01-15.04.12:108][  0]LogShaderCompilers: Cleaned the shader compiler working directory 'C:/Users/PerryPC/AppData/Local/Temp/UnrealShaderWorkingDir/2E7B9DDF43D9C91C9135FCAE74DF0485/'.
[2019.11.01-15.04.12:112][  0]LogXGEController: Cleaning working directory: C:/Users/PerryPC/AppData/Local/Temp/UnrealXGEWorkingDir/
[2019.11.01-15.04.12:113][  0]LogXGEController: Cannot use XGE Controller as Incredibuild is not installed on this machine.
[2019.11.01-15.04.12:113][  0]LogShaderCompilers: Cannot use XGE Shader Compiler as Incredibuild is not installed on this machine.
[2019.11.01-15.04.12:113][  0]LogShaderCompilers: Display: Using Local Shader Compiler.
[2019.11.01-15.04.13:279][  0]LogDerivedDataCache: Display: Max Cache Size: 512 MB
[2019.11.01-15.04.13:416][  0]LogDerivedDataCache: Loaded boot cache 0.14s 71MB C:/Users/PerryPC/AppData/Local/UnrealEngine/4.22/DerivedDataCache/Boot.ddc.
[2019.11.01-15.04.13:417][  0]LogDerivedDataCache: Display: Loaded Boot cache: C:/Users/PerryPC/AppData/Local/UnrealEngine/4.22/DerivedDataCache/Boot.ddc
[2019.11.01-15.04.13:417][  0]LogDerivedDataCache: FDerivedDataBackendGraph:  Pak pak cache file ../../../../../../Users/PerryPC/Documents/Unreal Projects/GeckoAdventures/DerivedDataCache/DDC.ddp not found, will not use a pak cache.
[2019.11.01-15.04.13:417][  0]LogDerivedDataCache: Unable to find inner node Pak for hierarchical cache Hierarchy.
[2019.11.01-15.04.13:417][  0]LogDerivedDataCache: FDerivedDataBackendGraph:  CompressedPak pak cache file ../../../../../../Users/PerryPC/Documents/Unreal Projects/GeckoAdventures/DerivedDataCache/Compressed.ddp not found, will not use a pak cache.
[2019.11.01-15.04.13:417][  0]LogDerivedDataCache: Unable to find inner node CompressedPak for hierarchical cache Hierarchy.
[2019.11.01-15.04.13:438][  0]LogDerivedDataCache: Display: Pak cache opened for reading ../../../Engine/DerivedDataCache/Compressed.ddp.
[2019.11.01-15.04.13:438][  0]LogDerivedDataCache: FDerivedDataBackendGraph:  EnterprisePak pak cache file ../../../Enterprise/DerivedDataCache/Compressed.ddp not found, will not use a pak cache.
[2019.11.01-15.04.13:438][  0]LogDerivedDataCache: Unable to find inner node EnterprisePak for hierarchical cache Hierarchy.
[2019.11.01-15.04.13:451][  0]LogDerivedDataCache: Using Local data cache path C:/Users/PerryPC/AppData/Local/UnrealEngine/Common/DerivedDataCache: Writable
[2019.11.01-15.04.13:451][  0]LogDerivedDataCache: Shared data cache path not found in *engine.ini, will not use an Shared cache.
[2019.11.01-15.04.13:451][  0]LogDerivedDataCache: Unable to find inner node Shared for hierarchical cache Hierarchy.
[2019.11.01-15.04.13:486][  0]LogMaterial: Verifying Global Shaders for PCD3D_SM5
[2019.11.01-15.04.13:491][  0]LogSlate: Using FreeType 2.6.0
[2019.11.01-15.04.13:497][  0]LogSlate: SlateFontServices - WITH_FREETYPE: 1, WITH_HARFBUZZ: 1
[2019.11.01-15.04.13:767][  0]LogAssetRegistry: FAssetRegistry took 0.0465 seconds to start up
[2019.11.01-15.04.14:552][  0]LogInit: Selected Device Profile: [Windows]
[2019.11.01-15.04.14:772][  0]LogMeshReduction: Using QuadricMeshReduction for automatic static mesh reduction
[2019.11.01-15.04.14:772][  0]LogMeshReduction: Using SimplygonMeshReduction for automatic skeletal mesh reduction
[2019.11.01-15.04.14:772][  0]LogMeshReduction: Using ProxyLODMeshReduction for automatic mesh merging
[2019.11.01-15.04.14:772][  0]LogMeshReduction: No distributed automatic mesh merging module available
[2019.11.01-15.04.14:772][  0]LogMeshMerging: No distributed automatic mesh merging module available
[2019.11.01-15.04.14:934][  0]LogNetVersion: GeckoAdventures 1.0.0, NetCL: 5660361, EngineNetVer: 10, GameNetVer: 0 (Checksum: 1468061800)
[2019.11.01-15.04.15:902][  0]LogPackageLocalizationCache: Processed 10 localized package path(s) for 1 prioritized culture(s) in 0.063317 seconds
[2019.11.01-15.04.15:910][  0]LogUObjectArray: 42205 objects as part of root set at end of initial load.
[2019.11.01-15.04.15:910][  0]LogUObjectAllocator: 7325032 out of 0 bytes used by permanent object pool.
[2019.11.01-15.04.15:910][  0]LogUObjectArray: CloseDisregardForGC: 0/0 objects in disregard for GC pool
[2019.11.01-15.04.18:974][  0]LogTcpMessaging: Initializing TcpMessaging bridge
[2019.11.01-15.04.18:993][  0]LogUdpMessaging: Initializing bridge on interface 0.0.0.0:0 to multicast group 230.0.0.1:6666.
[2019.11.01-15.04.19:215][  0]SourceControl: Source control is disabled
[2019.11.01-15.04.19:216][  0]SourceControl: Source control is disabled
[2019.11.01-15.04.19:228][  0]SourceControl: Source control is disabled
[2019.11.01-15.04.19:235][  0]SourceControl: Source control is disabled
[2019.11.01-15.04.19:562][  0]LogAndroidPermission: UAndroidPermissionCallbackProxy::GetInstance
[2019.11.01-15.04.19:766][  0]LogOcInput: OculusInput pre-init called
[2019.11.01-15.04.21:480][  0]LogEngine: Initializing Engine...
[2019.11.01-15.04.21:485][  0]LogHMD: Failed to initialize OpenVR with code 110
[2019.11.01-15.04.21:489][  0]LogStats: UGameplayTagsManager::InitializeManager -  0.001 s
[2019.11.01-15.04.21:835][  0]LogInit: Initializing FReadOnlyCVARCache
[2019.11.01-15.04.21:906][  0]LogAIModule: Creating AISystem for world Untitled
[2019.11.01-15.04.21:949][  0]LogInit: XAudio2 using 'Høyttalere (2- Realtek High Definition Audio)' : 2 channels at 48 kHz using 32 bits per sample (channel mask 0x3)
[2019.11.01-15.04.21:997][  0]LogInit: FAudioDevice initialized.
[2019.11.01-15.04.21:998][  0]LogNetVersion: Set ProjectVersion to 0.1. Version Checksum will be recalculated on next use.
[2019.11.01-15.04.22:063][  0]LogDerivedDataCache: Saved boot cache 0.07s 71MB C:/Users/PerryPC/AppData/Local/UnrealEngine/4.22/DerivedDataCache/Boot.ddc.
[2019.11.01-15.04.22:071][  0]LogInit: Texture streaming: Enabled
[2019.11.01-15.04.22:127][  0]LogEngineSessionManager: EngineSessionManager initialized
[2019.11.01-15.04.22:172][  0]LogInit: Transaction tracking system initialized
[2019.11.01-15.04.22:246][  0]BlueprintLog: New page: Editor Load
[2019.11.01-15.04.22:542][  0]LocalizationService: Localization service is disabled
[2019.11.01-15.04.23:135][  0]LogCook: Display: Max memory allowance for cook 16384mb min free memory 0mb
[2019.11.01-15.04.23:135][  0]LogCook: Display: Mobile HDR setting 1
[2019.11.01-15.04.23:622][  0]LogFileCache: Scanning file cache for directory 'C:/Users/PerryPC/Documents/Unreal Projects/GeckoAdventures/Content/' took 0.05s
[2019.11.01-15.04.23:645][  0]SourceControl: Source control is disabled
[2019.11.01-15.04.23:646][  0]Cmd: MAP LOAD FILE="../../../../../../Users/PerryPC/Documents/Unreal Projects/GeckoAdventures/Content/levels/Level1.umap" TEMPLATE=0 SHOWPROGRESS=1 FEATURELEVEL=3
[2019.11.01-15.04.23:688][  0]LogSlate: Took 0.001494 seconds to synchronously load lazily loaded font '../../../Engine/Content/Slate/Fonts/Roboto-Regular.ttf' (155K)
[2019.11.01-15.04.27:940][  0]LogTemp: IOS device listing is disabled (to many failed attempts)!
[2019.11.01-15.04.53:649][  0]LogSlate: Window 'Message' being destroyed
[2019.11.01-15.04.53:651][  0]LogWindowsTextInputMethodSystem: Display: IME system now deactivated.
[2019.11.01-15.04.53:668][  0]LightingResults: New page: Lighting Build
[2019.11.01-15.04.53:685][  0]MapCheck: New page: Map Check
[2019.11.01-15.04.53:685][  0]LightingResults: New page: Lighting Build
[2019.11.01-15.04.53:779][  0]LogUObjectHash: Compacting FUObjectHashTables data took   3.33ms
[2019.11.01-15.04.53:785][  0]LogAIModule: Creating AISystem for world Untitled
[2019.11.01-15.04.53:794][  0]LoadErrors: New page: New Map
[2019.11.01-15.04.53:902][  0]LogWindowsTextInputMethodSystem: Display: IME system now deactivated.
[2019.11.01-15.04.54:003][  0]LogSlate: Updating window title bar state: overlay mode, drag disabled, window buttons hidden, title bar hidden
[2019.11.01-15.04.54:017][  0]LogSlate: Updating window title bar state: overlay mode, drag disabled, window buttons hidden, title bar hidden
[2019.11.01-15.04.54:028][  0]LogSlate: Updating window title bar state: overlay mode, drag disabled, window buttons hidden, title bar hidden
[2019.11.01-15.04.54:035][  0]LogSlate: Updating window title bar state: overlay mode, drag disabled, window buttons hidden, title bar hidden
[2019.11.01-15.04.54:061][  0]LogCollectionManager: Loaded 0 collections in 0.002244 seconds
[2019.11.01-15.04.54:124][  0]LogFileCache: Scanning file cache for directory 'C:/Users/PerryPC/Documents/Unreal Projects/GeckoAdventures/Saved/Collections/' took 0.01s
[2019.11.01-15.04.54:124][  0]LogFileCache: Scanning file cache for directory 'C:/Users/PerryPC/Documents/Unreal Projects/GeckoAdventures/Content/Developers/PerryPC/Collections/' took 0.01s
[2019.11.01-15.04.54:124][  0]LogFileCache: Scanning file cache for directory 'C:/Users/PerryPC/Documents/Unreal Projects/GeckoAdventures/Content/Collections/' took 0.01s
[2019.11.01-15.04.54:124][  0]LogCollectionManager: Rebuilt the GUID cache for 0 collections in 0.000003 seconds
[2019.11.01-15.04.54:139][  0]LogContentBrowser: Native class hierarchy populated in 0.0132 seconds. Added 2732 classes and 659 folders.
[2019.11.01-15.04.54:158][  0]LogContentBrowser: Native class hierarchy updated for 'WidgetCarousel' in 0.0004 seconds. Added 0 classes and 0 folders.
[2019.11.01-15.04.54:166][  0]LogPakFile: Registered encryption key '00000000000000000000000000000000': 0 pak files mounted, 0 remain pending
[2019.11.01-15.04.54:171][  0]LogPakFile: Registered encryption key '00000000000000000000000000000000': 0 pak files mounted, 0 remain pending
[2019.11.01-15.04.54:178][  0]LogPakFile: Registered encryption key '00000000000000000000000000000000': 0 pak files mounted, 0 remain pending
[2019.11.01-15.04.54:182][  0]LogPakFile: Registered encryption key '00000000000000000000000000000000': 0 pak files mounted, 0 remain pending
[2019.11.01-15.04.54:185][  0]LogPakFile: Registered encryption key '00000000000000000000000000000000': 0 pak files mounted, 0 remain pending
[2019.11.01-15.04.54:188][  0]LogPakFile: Registered encryption key '00000000000000000000000000000000': 0 pak files mounted, 0 remain pending
[2019.11.01-15.04.54:196][  0]LogPakFile: Registered encryption key '00000000000000000000000000000000': 0 pak files mounted, 0 remain pending
[2019.11.01-15.04.54:198][  0]LogPakFile: Registered encryption key '00000000000000000000000000000000': 0 pak files mounted, 0 remain pending
[2019.11.01-15.04.54:201][  0]LogPakFile: Registered encryption key '00000000000000000000000000000000': 0 pak files mounted, 0 remain pending
[2019.11.01-15.04.54:211][  0]LogPakFile: Registered encryption key '00000000000000000000000000000000': 0 pak files mounted, 0 remain pending
[2019.11.01-15.04.54:214][  0]LogPakFile: Registered encryption key '00000000000000000000000000000000': 0 pak files mounted, 0 remain pending
[2019.11.01-15.04.54:218][  0]LogPakFile: Registered encryption key '00000000000000000000000000000000': 0 pak files mounted, 0 remain pending
[2019.11.01-15.04.54:219][  0]LogPakFile: Registered encryption key '00000000000000000000000000000000': 0 pak files mounted, 0 remain pending
[2019.11.01-15.04.54:222][  0]LogPakFile: Registered encryption key '00000000000000000000000000000000': 0 pak files mounted, 0 remain pending
[2019.11.01-15.04.54:228][  0]LogPakFile: Registered encryption key '00000000000000000000000000000000': 0 pak files mounted, 0 remain pending
[2019.11.01-15.04.54:230][  0]LogPakFile: Registered encryption key '00000000000000000000000000000000': 0 pak files mounted, 0 remain pending
[2019.11.01-15.04.54:233][  0]LogPakFile: Registered encryption key '00000000000000000000000000000000': 0 pak files mounted, 0 remain pending
[2019.11.01-15.04.54:234][  0]LogPakFile: Registered encryption key '00000000000000000000000000000000': 0 pak files mounted, 0 remain pending
[2019.11.01-15.04.54:236][  0]LogPakFile: Registered encryption key '00000000000000000000000000000000': 0 pak files mounted, 0 remain pending
[2019.11.01-15.04.54:246][  0]LogPakFile: Registered encryption key '00000000000000000000000000000000': 0 pak files mounted, 0 remain pending
[2019.11.01-15.04.54:249][  0]LogPakFile: Registered encryption key '00000000000000000000000000000000': 0 pak files mounted, 0 remain pending
[2019.11.01-15.04.54:251][  0]LogPakFile: Registered encryption key '00000000000000000000000000000000': 0 pak files mounted, 0 remain pending
[2019.11.01-15.04.54:253][  0]LogPakFile: Registered encryption key '00000000000000000000000000000000': 0 pak files mounted, 0 remain pending
[2019.11.01-15.04.54:256][  0]LogPakFile: Registered encryption key '00000000000000000000000000000000': 0 pak files mounted, 0 remain pending
[2019.11.01-15.04.54:260][  0]LogPakFile: Registered encryption key '00000000000000000000000000000000': 0 pak files mounted, 0 remain pending
[2019.11.01-15.04.54:263][  0]LogPakFile: Registered encryption key '00000000000000000000000000000000': 0 pak files mounted, 0 remain pending
[2019.11.01-15.04.54:397][  0]LogContentBrowser: Native class hierarchy updated for 'AddContentDialog' in 0.0003 seconds. Added 0 classes and 0 folders.
[2019.11.01-15.04.54:414][  0]LogContentBrowser: Native class hierarchy updated for 'SceneOutliner' in 0.0004 seconds. Added 1 classes and 2 folders.
[2019.11.01-15.04.54:486][  0]LogSlate: Took 0.002371 seconds to synchronously load lazily loaded font '../../../Engine/Content/Slate/Fonts/Roboto-Bold.ttf' (160K)
[2019.11.01-15.04.54:489][  0]LogSlate: Took 0.000792 seconds to synchronously load lazily loaded font '../../../Engine/Content/Editor/Slate/Fonts/FontAwesome.ttf' (139K)
[2019.11.01-15.04.54:560][  0]LogRenderer: Reallocating scene render targets to support 1216x384 Format 10 NumSamples 1 (Frame:1).
[2019.11.01-15.04.55:634][  0]LogSlate: FSceneViewport::OnFocusLost() reason 2
[2019.11.01-15.04.55:660][  0]LogSlate: Window 'Tutorials' being destroyed
[2019.11.01-15.04.55:704][  0]LogContentBrowser: Native class hierarchy updated for 'HierarchicalLODOutliner' in 0.0009 seconds. Added 0 classes and 0 folders.
[2019.11.01-15.04.55:704][  0]LogLoad: (Engine Initialization) Total time: 52.20 seconds
[2019.11.01-15.04.55:704][  0]LogLoad: (Engine Initialization) Total Blueprint compile time: 0.00 seconds
[2019.11.01-15.04.55:798][  0]LogContentStreaming: Texture pool size now 1000 MB
[2019.11.01-15.04.55:954][  1]LogAssetRegistry: Asset discovery search completed in 42.2112 seconds
[2019.11.01-15.04.55:963][  1]LogCollectionManager: Rebuilt the object cache for 0 collections in 0.000000 seconds (found 0 objects)
[2019.11.01-15.04.55:963][  1]LogCollectionManager: Fixed up redirectors for 0 collections in 0.000071 seconds (updated 0 objects)
[2019.11.01-15.05.01:437][196]LogSlate: FSceneViewport::OnFocusLost() reason 0
[2019.11.01-15.05.30:050][720]LogSlate: Took 0.004401 seconds to synchronously load lazily loaded font '../../../Engine/Content/Slate/Fonts/Roboto-Light.ttf' (167K)
[2019.11.01-15.05.30:075][720]LogLinker: Warning: Can't find file '/Game/gems/blueprintstargem'
[2019.11.01-15.05.30:076][720]LogLinker: Warning: Can't find file for asset '/Game/gems/blueprintstargem' while loading NULL.
[2019.11.01-15.05.30:082][720]LogLinker: Warning: Can't find file '/Game/gecko/GeckoPlayerBP'
[2019.11.01-15.05.30:083][720]LogLinker: Warning: Can't find file for asset '/Game/gecko/GeckoPlayerBP' while loading NULL.
[2019.11.01-15.05.30:083][720]LogLinker: Warning: Can't find file '/Game/gecko/GeckoPlayerBP'
[2019.11.01-15.05.30:083][720]LogLinker: Warning: Can't find file for asset '/Game/gecko/GeckoPlayerBP' while loading NULL.
[2019.11.01-15.05.30:084][720]LogLinker: Warning: Can't find file '/Game/gecko/GeckoPlayerBP'
[2019.11.01-15.05.30:084][720]LogLinker: Warning: Can't find file for asset '/Game/gecko/GeckoPlayerBP' while loading NULL.
[2019.11.01-15.05.30:084][720]LogLinker: Warning: Can't find file '/Game/gecko/GeckoPlayerBP'
[2019.11.01-15.05.30:084][720]LogLinker: Warning: Can't find file for asset '/Game/gecko/GeckoPlayerBP' while loading NULL.
[2019.11.01-15.05.30:084][720]LogLinker: Warning: Can't find file '/Game/gecko/GeckoPlayerBP'
[2019.11.01-15.05.30:085][720]LoadErrors: Failed to load /Game/gecko/GeckoPlayerBP.GeckoPlayerBP_C Referenced by Default__GeckoGame_C
[2019.11.01-15.05.30:085][720]LogLinker: Warning: Can't find file for asset '/Game/gecko/GeckoPlayerBP' while loading NULL.
[2019.11.01-15.05.30:133][720]LogLinker: Warning: Can't find file '/Game/AdvancedVillagePack/Meshes/SM_Boat'
[2019.11.01-15.05.30:134][720]LogLinker: Warning: Can't find file for asset '/Game/AdvancedVillagePack/Meshes/SM_Boat' while loading NULL.
[2019.11.01-15.05.30:134][720]LogLinker: Warning: Can't find file '/Game/AdvancedVillagePack/Meshes/SM_Bridge_Var02'
[2019.11.01-15.05.30:134][720]LogLinker: Warning: Can't find file for asset '/Game/AdvancedVillagePack/Meshes/SM_Bridge_Var02' while loading NULL.
[2019.11.01-15.05.30:134][720]LogLinker: Warning: Can't find file '/Game/AdvancedVillagePack/Meshes/SM_Bridge_Var03'
[2019.11.01-15.05.30:135][720]LogLinker: Warning: Can't find file for asset '/Game/AdvancedVillagePack/Meshes/SM_Bridge_Var03' while loading NULL.
[2019.11.01-15.05.30:135][720]LogLinker: Warning: Can't find file '/Game/AdvancedVillagePack/Meshes/SM_Cauldron'
[2019.11.01-15.05.30:135][720]LogLinker: Warning: Can't find file for asset '/Game/AdvancedVillagePack/Meshes/SM_Cauldron' while loading NULL.
[2019.11.01-15.05.30:135][720]LogLinker: Warning: Can't find file '/Game/AdvancedVillagePack/Meshes/SM_Hay_Stack'
[2019.11.01-15.05.30:135][720]LogLinker: Warning: Can't find file for asset '/Game/AdvancedVillagePack/Meshes/SM_Hay_Stack' while loading NULL.
[2019.11.01-15.05.30:136][720]LogLinker: Warning: Can't find file '/Game/AdvancedVillagePack/Meshes/SM_House_Var01'
[2019.11.01-15.05.30:136][720]LogLinker: Warning: Can't find file for asset '/Game/AdvancedVillagePack/Meshes/SM_House_Var01' while loading NULL.
[2019.11.01-15.05.30:136][720]LogLinker: Warning: Can't find file '/Game/AdvancedVillagePack/Meshes/SM_House_Var01_Extra02'
[2019.11.01-15.05.30:136][720]LogLinker: Warning: Can't find file for asset '/Game/AdvancedVillagePack/Meshes/SM_House_Var01_Extra02' while loading NULL.
[2019.11.01-15.05.30:136][720]LogLinker: Warning: Can't find file '/Game/gems/blueprintstargem'
[2019.11.01-15.05.30:137][720]LogLinker: Warning: Can't find file for asset '/Game/gems/blueprintstargem' while loading NULL.
[2019.11.01-15.05.30:139][720]LogLinker: Warning: Can't find file '/Game/gems/blueprintstargem'
[2019.11.01-15.05.30:139][720]LogLinker: Warning: Can't find file for asset '/Game/gems/blueprintstargem' while loading NULL.
[2019.11.01-15.05.30:139][720]LogLinker: Warning: Can't find file '/Game/AdvancedVillagePack/Meshes/SM_Boat'
[2019.11.01-15.05.30:139][720]LogLinker: Warning: Can't find file for asset '/Game/AdvancedVillagePack/Meshes/SM_Boat' while loading NULL.
[2019.11.01-15.05.30:140][720]LogLinker: Warning: Can't find file '/Game/AdvancedVillagePack/Meshes/SM_Bridge_Var02'
[2019.11.01-15.05.30:140][720]LogLinker: Warning: Can't find file for asset '/Game/AdvancedVillagePack/Meshes/SM_Bridge_Var02' while loading NULL.
[2019.11.01-15.05.30:140][720]LogLinker: Warning: Can't find file '/Game/AdvancedVillagePack/Meshes/SM_Bridge_Var03'
[2019.11.01-15.05.30:140][720]LogLinker: Warning: Can't find file for asset '/Game/AdvancedVillagePack/Meshes/SM_Bridge_Var03' while loading NULL.
[2019.11.01-15.05.30:140][720]LogLinker: Warning: Can't find file '/Game/AdvancedVillagePack/Meshes/SM_Cauldron'
[2019.11.01-15.05.30:140][720]LogLinker: Warning: Can't find file for asset '/Game/AdvancedVillagePack/Meshes/SM_Cauldron' while loading NULL.
[2019.11.01-15.05.30:141][720]LogLinker: Warning: Can't find file '/Game/AdvancedVillagePack/Meshes/SM_Hay_Stack'
[2019.11.01-15.05.30:141][720]LogLinker: Warning: Can't find file for asset '/Game/AdvancedVillagePack/Meshes/SM_Hay_Stack' while loading NULL.
[2019.11.01-15.05.30:141][720]LogLinker: Warning: Can't find file '/Game/AdvancedVillagePack/Meshes/SM_House_Var01'
[2019.11.01-15.05.30:141][720]LogLinker: Warning: Can't find file for asset '/Game/AdvancedVillagePack/Meshes/SM_House_Var01' while loading NULL.
[2019.11.01-15.05.30:141][720]LogLinker: Warning: Can't find file '/Game/AdvancedVillagePack/Meshes/SM_House_Var01_Extra02'
[2019.11.01-15.05.30:141][720]LogLinker: Warning: Can't find file for asset '/Game/AdvancedVillagePack/Meshes/SM_House_Var01_Extra02' while loading NULL.
[2019.11.01-15.05.30:142][720]LogLinker: Warning: Can't find file '/Game/gems/blueprintstargem'
[2019.11.01-15.05.30:142][720]LogLinker: Warning: Can't find file for asset '/Game/gems/blueprintstargem' while loading NULL.
[2019.11.01-15.05.30:142][720]LogLinker: Warning: Can't find file '/Game/gems/blueprintstargem'
[2019.11.01-15.05.30:142][720]LogLinker: Warning: Can't find file for asset '/Game/gems/blueprintstargem' while loading NULL.
[2019.11.01-15.05.30:143][720]LogLinker: Warning: Can't find file '/Game/AdvancedVillagePack/Meshes/SM_Boat'
[2019.11.01-15.05.30:143][720]LogLinker: Warning: Can't find file for asset '/Game/AdvancedVillagePack/Meshes/SM_Boat' while loading NULL.
[2019.11.01-15.05.30:143][720]LogLinker: Warning: Can't find file '/Game/AdvancedVillagePack/Meshes/SM_Bridge_Var02'
[2019.11.01-15.05.30:143][720]LogLinker: Warning: Can't find file for asset '/Game/AdvancedVillagePack/Meshes/SM_Bridge_Var02' while loading NULL.
[2019.11.01-15.05.30:143][720]LogLinker: Warning: Can't find file '/Game/AdvancedVillagePack/Meshes/SM_Bridge_Var03'
[2019.11.01-15.05.30:144][720]LogLinker: Warning: Can't find file for asset '/Game/AdvancedVillagePack/Meshes/SM_Bridge_Var03' while loading NULL.
[2019.11.01-15.05.30:144][720]LogLinker: Warning: Can't find file '/Game/AdvancedVillagePack/Meshes/SM_Cauldron'
[2019.11.01-15.05.30:144][720]LogLinker: Warning: Can't find file for asset '/Game/AdvancedVillagePack/Meshes/SM_Cauldron' while loading NULL.
[2019.11.01-15.05.30:144][720]LogLinker: Warning: Can't find file '/Game/AdvancedVillagePack/Meshes/SM_Hay_Stack'
[2019.11.01-15.05.30:145][720]LogLinker: Warning: Can't find file for asset '/Game/AdvancedVillagePack/Meshes/SM_Hay_Stack' while loading NULL.
[2019.11.01-15.05.30:146][720]LogLinker: Warning: Can't find file '/Game/AdvancedVillagePack/Meshes/SM_House_Var01'
[2019.11.01-15.05.30:146][720]LogLinker: Warning: Can't find file for asset '/Game/AdvancedVillagePack/Meshes/SM_House_Var01' while loading NULL.
[2019.11.01-15.05.30:146][720]LogLinker: Warning: Can't find file '/Game/AdvancedVillagePack/Meshes/SM_House_Var01_Extra02'
[2019.11.01-15.05.30:146][720]LogLinker: Warning: Can't find file for asset '/Game/AdvancedVillagePack/Meshes/SM_House_Var01_Extra02' while loading NULL.
[2019.11.01-15.05.30:146][720]LogLinker: Warning: Can't find file '/Game/gems/blueprintstargem'
[2019.11.01-15.05.30:147][720]LogLinker: Warning: Can't find file for asset '/Game/gems/blueprintstargem' while loading NULL.
[2019.11.01-15.05.30:147][720]LogLinker: Warning: Can't find file '/Game/gems/blueprintstargem'
[2019.11.01-15.05.30:147][720]LogLinker: Warning: Can't find file for asset '/Game/gems/blueprintstargem' while loading NULL.
[2019.11.01-15.05.30:147][720]LogLinker: Warning: Can't find file '/Game/AdvancedVillagePack/Meshes/SM_Boat'
[2019.11.01-15.05.30:147][720]LogLinker: Warning: Can't find file for asset '/Game/AdvancedVillagePack/Meshes/SM_Boat' while loading NULL.
[2019.11.01-15.05.30:148][720]LogLinker: Warning: Can't find file '/Game/AdvancedVillagePack/Meshes/SM_Bridge_Var02'
[2019.11.01-15.05.30:148][720]LogLinker: Warning: Can't find file for asset '/Game/AdvancedVillagePack/Meshes/SM_Bridge_Var02' while loading NULL.
[2019.11.01-15.05.30:148][720]LogLinker: Warning: Can't find file '/Game/AdvancedVillagePack/Meshes/SM_Bridge_Var03'
[2019.11.01-15.05.30:148][720]LogLinker: Warning: Can't find file for asset '/Game/AdvancedVillagePack/Meshes/SM_Bridge_Var03' while loading NULL.
[2019.11.01-15.05.30:148][720]LogLinker: Warning: Can't find file '/Game/AdvancedVillagePack/Meshes/SM_Cauldron'
[2019.11.01-15.05.30:148][720]LogLinker: Warning: Can't find file for asset '/Game/AdvancedVillagePack/Meshes/SM_Cauldron' while loading NULL.
[2019.11.01-15.05.30:149][720]LogLinker: Warning: Can't find file '/Game/AdvancedVillagePack/Meshes/SM_Hay_Stack'
[2019.11.01-15.05.30:149][720]LogLinker: Warning: Can't find file for asset '/Game/AdvancedVillagePack/Meshes/SM_Hay_Stack' while loading NULL.
[2019.11.01-15.05.30:149][720]LogLinker: Warning: Can't find file '/Game/AdvancedVillagePack/Meshes/SM_House_Var01'
[2019.11.01-15.05.30:149][720]LogLinker: Warning: Can't find file for asset '/Game/AdvancedVillagePack/Meshes/SM_House_Var01' while loading NULL.
[2019.11.01-15.05.30:149][720]LogLinker: Warning: Can't find file '/Game/AdvancedVillagePack/Meshes/SM_House_Var01_Extra02'
[2019.11.01-15.05.30:149][720]LogLinker: Warning: Can't find file for asset '/Game/AdvancedVillagePack/Meshes/SM_House_Var01_Extra02' while loading NULL.
[2019.11.01-15.05.30:149][720]LogLinker: Warning: Can't find file '/Game/gems/blueprintstargem'
[2019.11.01-15.05.30:150][720]LogLinker: Warning: Can't find file for asset '/Game/gems/blueprintstargem' while loading NULL.
[2019.11.01-15.05.30:154][720]LogLinker: Warning: Can't find file '/Game/gems/blueprintstargem'
[2019.11.01-15.05.30:154][720]LogLinker: Warning: Can't find file for asset '/Game/gems/blueprintstargem' while loading NULL.
[2019.11.01-15.05.30:155][720]LogLinker: Warning: Can't find file '/Game/gems/blueprintstargem'
[2019.11.01-15.05.30:155][720]LogLinker: Warning: Can't find file for asset '/Game/gems/blueprintstargem' while loading NULL.
[2019.11.01-15.05.30:155][720]LogLinker: Warning: Can't find file '/Game/gems/blueprintstargem'
[2019.11.01-15.05.30:155][720]LogLinker: Warning: Can't find file for asset '/Game/gems/blueprintstargem' while loading NULL.
[2019.11.01-15.05.30:155][720]LogLinker: Warning: Can't find file '/Game/gems/blueprintstargem'
[2019.11.01-15.05.30:155][720]LogLinker: Warning: Can't find file for asset '/Game/gems/blueprintstargem' while loading NULL.
[2019.11.01-15.05.30:155][720]LogLinker: Warning: Can't find file '/Game/gems/blueprintstargem'
[2019.11.01-15.05.30:156][720]LogLinker: Warning: Can't find file for asset '/Game/gems/blueprintstargem' while loading NULL.
[2019.11.01-15.05.30:156][720]LogLinker: Warning: Can't find file '/Game/gems/blueprintstargem'
[2019.11.01-15.05.30:156][720]LogLinker: Warning: Can't find file for asset '/Game/gems/blueprintstargem' while loading NULL.
[2019.11.01-15.05.30:156][720]LogLinker: Warning: Can't find file '/Game/gems/blueprintstargem'
[2019.11.01-15.05.30:156][720]LogLinker: Warning: Can't find file for asset '/Game/gems/blueprintstargem' while loading NULL.
[2019.11.01-15.05.30:156][720]LogLinker: Warning: Can't find file '/Game/gems/blueprintstargem'
[2019.11.01-15.05.30:156][720]LogLinker: Warning: Can't find file for asset '/Game/gems/blueprintstargem' while loading NULL.
[2019.11.01-15.05.30:157][720]LogLinker: Warning: Can't find file '/Game/gems/blueprintstargem'
[2019.11.01-15.05.30:157][720]LogLinker: Warning: Can't find file for asset '/Game/gems/blueprintstargem' while loading NULL.
[2019.11.01-15.05.30:157][720]LogLinker: Warning: Can't find file '/Game/gems/blueprintstargem'
[2019.11.01-15.05.30:157][720]LogLinker: Warning: Can't find file for asset '/Game/gems/blueprintstargem' while loading NULL.
[2019.11.01-15.05.30:157][720]LogLinker: Warning: Can't find file '/Game/gems/blueprintstargem'
[2019.11.01-15.05.30:157][720]LogLinker: Warning: Can't find file for asset '/Game/gems/blueprintstargem' while loading NULL.
[2019.11.01-15.05.30:158][720]LogLinker: Warning: Can't find file '/Game/gems/blueprintstargem'
[2019.11.01-15.05.30:158][720]LogLinker: Warning: Can't find file for asset '/Game/gems/blueprintstargem' while loading NULL.
[2019.11.01-15.05.30:158][720]LogLinker: Warning: Can't find file '/Game/gems/blueprintstargem'
[2019.11.01-15.05.30:158][720]LogLinker: Warning: Can't find file for asset '/Game/gems/blueprintstargem' while loading NULL.
[2019.11.01-15.05.30:158][720]LogLinker: Warning: Can't find file '/Game/gems/blueprintstargem'
[2019.11.01-15.05.30:159][720]LogLinker: Warning: Can't find file for asset '/Game/gems/blueprintstargem' while loading NULL.
[2019.11.01-15.05.30:159][720]LogLinker: Warning: Can't find file '/Game/gems/blueprintstargem'
[2019.11.01-15.05.30:159][720]LogLinker: Warning: Can't find file for asset '/Game/gems/blueprintstargem' while loading NULL.
[2019.11.01-15.05.30:159][720]LogLinker: Warning: Can't find file '/Game/gems/blueprintstargem'
[2019.11.01-15.05.30:159][720]LogLinker: Warning: Can't find file for asset '/Game/gems/blueprintstargem' while loading NULL.
[2019.11.01-15.05.30:159][720]LogLinker: Warning: Can't find file '/Game/gems/blueprintstargem'
[2019.11.01-15.05.30:160][720]LogLinker: Warning: Can't find file for asset '/Game/gems/blueprintstargem' while loading NULL.
[2019.11.01-15.05.30:160][720]LogLinker: Warning: Can't find file '/Game/gems/blueprintstargem'
[2019.11.01-15.05.30:160][720]LogLinker: Warning: Can't find file for asset '/Game/gems/blueprintstargem' while loading NULL.
[2019.11.01-15.05.30:204][720]LogLinker: Warning: Can't find file '/Game/AdvancedVillagePack/Meshes/SM_Boat'
[2019.11.01-15.05.30:204][720]LoadErrors: Failed to load /Game/AdvancedVillagePack/Meshes/SM_Boat.SM_Boat Referenced by SM_Boat_138
[2019.11.01-15.05.30:204][720]LogLinker: Warning: Can't find file for asset '/Game/AdvancedVillagePack/Meshes/SM_Boat' while loading NULL.
[2019.11.01-15.05.30:205][720]LogLinker: Warning: Can't find file '/Game/AdvancedVillagePack/Meshes/SM_Bridge_Var02'
[2019.11.01-15.05.30:206][720]LoadErrors: Failed to load /Game/AdvancedVillagePack/Meshes/SM_Bridge_Var02.SM_Bridge_Var02 Referenced by SM_Bridge_Var02_132
[2019.11.01-15.05.30:206][720]LogLinker: Warning: Can't find file for asset '/Game/AdvancedVillagePack/Meshes/SM_Bridge_Var02' while loading NULL.
[2019.11.01-15.05.30:206][720]LogLinker: Warning: Can't find file '/Game/AdvancedVillagePack/Meshes/SM_Bridge_Var03'
[2019.11.01-15.05.30:206][720]LoadErrors: Failed to load /Game/AdvancedVillagePack/Meshes/SM_Bridge_Var03.SM_Bridge_Var03 Referenced by SM_Bridge_Var03_129
[2019.11.01-15.05.30:206][720]LogLinker: Warning: Can't find file for asset '/Game/AdvancedVillagePack/Meshes/SM_Bridge_Var03' while loading NULL.
[2019.11.01-15.05.30:206][720]LogLinker: Warning: Can't find file '/Game/AdvancedVillagePack/Meshes/SM_Cauldron'
[2019.11.01-15.05.30:206][720]LoadErrors: Failed to load /Game/AdvancedVillagePack/Meshes/SM_Cauldron.SM_Cauldron Referenced by SM_Cauldron_135
[2019.11.01-15.05.30:206][720]LogLinker: Warning: Can't find file for asset '/Game/AdvancedVillagePack/Meshes/SM_Cauldron' while loading NULL.
[2019.11.01-15.05.30:206][720]LogLinker: Warning: Can't find file '/Game/AdvancedVillagePack/Meshes/SM_Hay_Stack'
[2019.11.01-15.05.30:206][720]LoadErrors: Failed to load /Game/AdvancedVillagePack/Meshes/SM_Hay_Stack.SM_Hay_Stack Referenced by SM_Hay_Stack_147
[2019.11.01-15.05.30:207][720]LogLinker: Warning: Can't find file for asset '/Game/AdvancedVillagePack/Meshes/SM_Hay_Stack' while loading NULL.
[2019.11.01-15.05.30:207][720]LogLinker: Warning: Can't find file '/Game/AdvancedVillagePack/Meshes/SM_House_Var01'
[2019.11.01-15.05.30:207][720]LoadErrors: Failed to load /Game/AdvancedVillagePack/Meshes/SM_House_Var01.SM_House_Var01 Referenced by SM_House_Var01_141
[2019.11.01-15.05.30:207][720]LogLinker: Warning: Can't find file for asset '/Game/AdvancedVillagePack/Meshes/SM_House_Var01' while loading NULL.
[2019.11.01-15.05.30:207][720]LogLinker: Warning: Can't find file '/Game/AdvancedVillagePack/Meshes/SM_House_Var01_Extra02'
[2019.11.01-15.05.30:207][720]LoadErrors: Failed to load /Game/AdvancedVillagePack/Meshes/SM_House_Var01_Extra02.SM_House_Var01_Extra02 Referenced by SM_House_Var01_Extra02_144
[2019.11.01-15.05.30:208][720]LogLinker: Warning: Can't find file for asset '/Game/AdvancedVillagePack/Meshes/SM_House_Var01_Extra02' while loading NULL.
[2019.11.01-15.05.30:293][720]LogAIModule: Creating AISystem for world Demolevel
[2019.11.01-15.05.30:325][720]LogAssetEditorManager: Opening Asset editor for World /Game/levels/Demolevel.Demolevel
[2019.11.01-15.05.30:358][720]LogUObjectHash: Compacting FUObjectHashTables data took   1.77ms
[2019.11.01-15.05.30:359][720]Cmd: MAP LOAD FILE="../../../../../../Users/PerryPC/Documents/Unreal Projects/GeckoAdventures/Content/levels/Demolevel.umap" TEMPLATE=0 SHOWPROGRESS=1 FEATURELEVEL=3
[2019.11.01-15.05.30:360][720]LightingResults: New page: Lighting Build
[2019.11.01-15.05.30:360][720]LoadErrors: New page: Loading map: Demolevel.umap
[2019.11.01-15.05.30:361][720]MapCheck: New page: Map Check
[2019.11.01-15.05.30:361][720]LightingResults: New page: Lighting Build
[2019.11.01-15.05.30:396][720]LogUObjectHash: Compacting FUObjectHashTables data took   1.94ms
[2019.11.01-15.05.30:412][720]LogEditorServer: Finished looking for orphan Actors (0.000 secs)
[2019.11.01-15.05.30:447][720]LogUObjectHash: Compacting FUObjectHashTables data took   2.42ms
[2019.11.01-15.05.30:472][720]Cmd: MAP CHECKDEP NOCLEARLOG
[2019.11.01-15.05.30:473][720]MapCheck: Map check complete: 0 Error(s), 0 Warning(s), took 1,049ms to complete.
[2019.11.01-15.05.30:473][720]LogFileHelpers: Loading map 'Demolevel' took 0.114
[2019.11.01-15.05.30:509][720]LoadErrors: Warning: CreateExport: Failed to load Outer for resource 'DefaultSceneRoot': blueprintstargem_C /Game/levels/Demolevel.Demolevel:PersistentLevel.blueprintstargem2_2
[2019.11.01-15.05.30:509][720]LoadErrors: Warning: CreateExport: Failed to load Outer for resource 'DefaultSceneRoot': blueprintstargem_C /Game/levels/Demolevel.Demolevel:PersistentLevel.blueprintstargem3_5
[2019.11.01-15.05.30:509][720]LoadErrors: Warning: CreateExport: Failed to load Outer for resource 'DefaultSceneRoot': blueprintstargem_C /Game/levels/Demolevel.Demolevel:PersistentLevel.blueprintstargem4_8
[2019.11.01-15.05.30:509][720]LoadErrors: Warning: CreateExport: Failed to load Outer for resource 'DefaultSceneRoot': blueprintstargem_C /Game/levels/Demolevel.Demolevel:PersistentLevel.blueprintstargem5_11
[2019.11.01-15.05.30:509][720]LoadErrors: Warning: CreateExport: Failed to load Outer for resource 'DefaultSceneRoot': blueprintstargem_C /Game/levels/Demolevel.Demolevel:PersistentLevel.blueprintstargem6
[2019.11.01-15.05.30:509][720]LoadErrors: Warning: CreateExport: Failed to load Outer for resource 'DefaultSceneRoot': blueprintstargem_C /Game/levels/Demolevel.Demolevel:PersistentLevel.blueprintstargem7
[2019.11.01-15.05.30:509][720]LoadErrors: Warning: CreateExport: Failed to load Outer for resource 'DefaultSceneRoot': blueprintstargem_C /Game/levels/Demolevel.Demolevel:PersistentLevel.blueprintstargem8
[2019.11.01-15.05.30:509][720]LoadErrors: Warning: CreateExport: Failed to load Outer for resource 'DefaultSceneRoot': blueprintstargem_C /Game/levels/Demolevel.Demolevel:PersistentLevel.blueprintstargem9
[2019.11.01-15.05.30:509][720]LoadErrors: Warning: CreateExport: Failed to load Outer for resource 'DefaultSceneRoot': blueprintstargem_C /Game/levels/Demolevel.Demolevel:PersistentLevel.blueprintstargem_5
[2019.11.01-15.05.30:509][720]LoadErrors: Warning: CreateExport: Failed to load Outer for resource 'stargem': blueprintstargem_C /Game/levels/Demolevel.Demolevel:PersistentLevel.blueprintstargem2_2
[2019.11.01-15.05.30:509][720]LoadErrors: Warning: CreateExport: Failed to load Outer for resource 'stargem': blueprintstargem_C /Game/levels/Demolevel.Demolevel:PersistentLevel.blueprintstargem3_5
[2019.11.01-15.05.30:509][720]LoadErrors: Warning: CreateExport: Failed to load Outer for resource 'stargem': blueprintstargem_C /Game/levels/Demolevel.Demolevel:PersistentLevel.blueprintstargem4_8
[2019.11.01-15.05.30:509][720]LoadErrors: Warning: CreateExport: Failed to load Outer for resource 'stargem': blueprintstargem_C /Game/levels/Demolevel.Demolevel:PersistentLevel.blueprintstargem5_11
[2019.11.01-15.05.30:509][720]LoadErrors: Warning: CreateExport: Failed to load Outer for resource 'stargem': blueprintstargem_C /Game/levels/Demolevel.Demolevel:PersistentLevel.blueprintstargem6
[2019.11.01-15.05.30:509][720]LoadErrors: Warning: CreateExport: Failed to load Outer for resource 'stargem': blueprintstargem_C /Game/levels/Demolevel.Demolevel:PersistentLevel.blueprintstargem7
[2019.11.01-15.05.30:510][720]LoadErrors: Warning: CreateExport: Failed to load Outer for resource 'stargem': blueprintstargem_C /Game/levels/Demolevel.Demolevel:PersistentLevel.blueprintstargem8
[2019.11.01-15.05.30:510][720]LoadErrors: Warning: CreateExport: Failed to load Outer for resource 'stargem': blueprintstargem_C /Game/levels/Demolevel.Demolevel:PersistentLevel.blueprintstargem9
[2019.11.01-15.05.30:510][720]LoadErrors: Warning: CreateExport: Failed to load Outer for resource 'stargem': blueprintstargem_C /Game/levels/Demolevel.Demolevel:PersistentLevel.blueprintstargem_5
